#
# There is insufficient memory for the Java Runtime Environment to continue.
# Native memory allocation (malloc) failed to allocate 32744 bytes for ChunkPool::allocate
# Possible reasons:
#   The system is out of physical RAM or swap space
#   The process is running with CompressedOops enabled, and the Java Heap may be blocking the growth of the native heap
# Possible solutions:
#   Reduce memory load on the system
#   Increase physical memory or swap space
#   Check if swap backing store is full
#   Decrease Java heap size (-Xmx/-Xms)
#   Decrease number of Java threads
#   Decrease Java thread stack sizes (-Xss)
#   Set larger code cache with -XX:ReservedCodeCacheSize=
#   JVM is running with Unscaled Compressed Oops mode in which the Java heap is
#     placed in the first 4GB address space. The Java Heap base address is the
#     maximum limit for the native heap growth. Please use -XX:HeapBaseMinAddress
#     to set the Java Heap base and to place the Java Heap above 4GB virtual address.
# This output file may be truncated or incomplete.
#
#  Out of Memory Error (./src/hotspot/share/memory/arena.cpp:81), pid=12864, tid=1564
#
# JRE version: OpenJDK Runtime Environment Microsoft-7208460 (11.0.18+10) (build 11.0.18+10-LTS)
# Java VM: OpenJDK 64-Bit Server VM Microsoft-7208460 (11.0.18+10-LTS, mixed mode, tiered, compressed oops, g1 gc, windows-amd64)
# No core dump will be written. Minidumps are not enabled by default on client versions of Windows
#

---------------  S U M M A R Y ------------

Command Line: -Xmx64m -Xms64m -Dorg.gradle.appname=gradlew org.gradle.wrapper.GradleWrapperMain app:installDebug -PreactNativeDevServerPort=8081

Host: Intel(R) Core(TM) i5-2520M CPU @ 2.50GHz, 4 cores, 3G,  Windows 10 , 64 bit Build 19041 (10.0.19041.1889)
Time: Wed May  3 20:21:23 2023 India Standard Time elapsed time: 2.266403 seconds (0d 0h 0m 2s)

---------------  T H R E A D  ---------------

Current thread (0x000001e649fa9000):  JavaThread "C2 CompilerThread0" daemon [_thread_in_native, id=1564, stack(0x00000042ba500000,0x00000042ba600000)]


Current CompileTask:
C2:   2266  863   !   4       jdk.internal.loader.URLClassPath$JarLoader::getResource (65 bytes)

Stack: [0x00000042ba500000,0x00000042ba600000]
Native frames: (J=compiled Java code, j=interpreted, Vv=VM code, C=native code)
V  [jvm.dll+0x62bf8a]
V  [jvm.dll+0x7b8fb9]
V  [jvm.dll+0x7ba6a8]
V  [jvm.dll+0x7bad83]
V  [jvm.dll+0x250248]
V  [jvm.dll+0xc286b]
V  [jvm.dll+0xc2bcc]
V  [jvm.dll+0xc271b]
V  [jvm.dll+0x60978f]
V  [jvm.dll+0x65cf94]
V  [jvm.dll+0x19eead]
V  [jvm.dll+0x209495]
V  [jvm.dll+0x20850d]
V  [jvm.dll+0x18a4b1]
V  [jvm.dll+0x217eec]
V  [jvm.dll+0x21612b]
V  [jvm.dll+0x77bac0]
V  [jvm.dll+0x7749f4]
V  [jvm.dll+0x62adf5]
C  [ucrtbase.dll+0x21bb2]
C  [KERNEL32.DLL+0x17034]
C  [ntdll.dll+0x52651]


---------------  P R O C E S S  ---------------

Threads class SMR info:
_java_thread_list=0x000001e64b13ca30, length=11, elements={
0x000001e62f92c800, 0x000001e649f3e800, 0x000001e649f48000, 0x000001e649f9f000,
0x000001e649fa1000, 0x000001e649fa3800, 0x000001e649fa9000, 0x000001e649fab800,
0x000001e649fb6000, 0x000001e64a223000, 0x000001e64b074800
}

Java Threads: ( => current thread )
  0x000001e62f92c800 JavaThread "main" [_thread_in_Java, id=7876, stack(0x00000042b9900000,0x00000042b9a00000)]
  0x000001e649f3e800 JavaThread "Reference Handler" daemon [_thread_blocked, id=4432, stack(0x00000042ba000000,0x00000042ba100000)]
  0x000001e649f48000 JavaThread "Finalizer" daemon [_thread_blocked, id=13096, stack(0x00000042ba100000,0x00000042ba200000)]
  0x000001e649f9f000 JavaThread "Signal Dispatcher" daemon [_thread_blocked, id=4440, stack(0x00000042ba200000,0x00000042ba300000)]
  0x000001e649fa1000 JavaThread "Attach Listener" daemon [_thread_blocked, id=1232, stack(0x00000042ba300000,0x00000042ba400000)]
  0x000001e649fa3800 JavaThread "Service Thread" daemon [_thread_blocked, id=6936, stack(0x00000042ba400000,0x00000042ba500000)]
=>0x000001e649fa9000 JavaThread "C2 CompilerThread0" daemon [_thread_in_native, id=1564, stack(0x00000042ba500000,0x00000042ba600000)]
  0x000001e649fab800 JavaThread "C1 CompilerThread0" daemon [_thread_blocked, id=10056, stack(0x00000042ba600000,0x00000042ba700000)]
  0x000001e649fb6000 JavaThread "Sweeper thread" daemon [_thread_blocked, id=11448, stack(0x00000042ba700000,0x00000042ba800000)]
  0x000001e64a223000 JavaThread "Common-Cleaner" daemon [_thread_blocked, id=13752, stack(0x00000042ba900000,0x00000042baa00000)]
  0x000001e64b074800 JavaThread "pool-1-thread-1" [_thread_in_vm, id=11480, stack(0x00000042bab00000,0x00000042bac00000)]

Other Threads:
  0x000001e649f3d000 VMThread "VM Thread" [stack: 0x00000042b9f00000,0x00000042ba000000] [id=12524]
  0x000001e64a21d800 WatcherThread [stack: 0x00000042ba800000,0x00000042ba900000] [id=10936]
  0x000001e62f943000 GCTaskThread "GC Thread#0" [stack: 0x00000042b9a00000,0x00000042b9b00000] [id=10192]
  0x000001e64a68b800 GCTaskThread "GC Thread#1" [stack: 0x00000042baa00000,0x00000042bab00000] [id=4152]
  0x000001e64af17800 GCTaskThread "GC Thread#2" [stack: 0x00000042bac00000,0x00000042bad00000] [id=6052]
  0x000001e64b179000 GCTaskThread "GC Thread#3" [stack: 0x00000042bad00000,0x00000042bae00000] [id=7388]
  0x000001e62f949000 ConcurrentGCThread "G1 Main Marker" [stack: 0x00000042b9b00000,0x00000042b9c00000] [id=9996]
  0x000001e62f94b800 ConcurrentGCThread "G1 Conc#0" [stack: 0x00000042b9c00000,0x00000042b9d00000] [id=13980]
  0x000001e62f9a1800 ConcurrentGCThread "G1 Refine#0" [stack: 0x00000042b9d00000,0x00000042b9e00000] [id=10424]
  0x000001e62f9a2800 ConcurrentGCThread "G1 Young RemSet Sampling" [stack: 0x00000042b9e00000,0x00000042b9f00000] [id=11388]

Threads with active compile tasks:
C2 CompilerThread0     2320  863   !   4       jdk.internal.loader.URLClassPath$JarLoader::getResource (65 bytes)
C1 CompilerThread0     2320  988       3       java.io.DataOutputStream::writeUTF (435 bytes)

VM state:not at safepoint (normal execution)

VM Mutex/Monitor currently owned by a thread: None

Heap address: 0x00000000fc000000, size: 64 MB, Compressed Oops mode: 32-bit
Narrow klass base: 0x0000000000000000, Narrow klass shift: 3
Compressed class space size: 1073741824 Address: 0x0000000100000000

Heap:
 garbage-first heap   total 65536K, used 9713K [0x00000000fc000000, 0x0000000100000000)
  region size 1024K, 2 young (2048K), 1 survivors (1024K)
 Metaspace       used 11832K, capacity 12065K, committed 12160K, reserved 1060864K
  class space    used 1259K, capacity 1340K, committed 1408K, reserved 1048576K
Heap Regions: E=young(eden), S=young(survivor), O=old, HS=humongous(starts), HC=humongous(continues), CS=collection set, F=free, A=archive, TAMS=top-at-mark-start (previous, next)
|   0|0x00000000fc000000, 0x00000000fc100000, 0x00000000fc100000|100%| O|  |TAMS 0x00000000fc000000, 0x00000000fc000000| Untracked 
|   1|0x00000000fc100000, 0x00000000fc200000, 0x00000000fc200000|100%| O|  |TAMS 0x00000000fc100000, 0x00000000fc100000| Untracked 
|   2|0x00000000fc200000, 0x00000000fc300000, 0x00000000fc300000|100%| O|  |TAMS 0x00000000fc200000, 0x00000000fc200000| Untracked 
|   3|0x00000000fc300000, 0x00000000fc400000, 0x00000000fc400000|100%| O|  |TAMS 0x00000000fc300000, 0x00000000fc300000| Untracked 
|   4|0x00000000fc400000, 0x00000000fc500000, 0x00000000fc500000|100%| O|  |TAMS 0x00000000fc400000, 0x00000000fc400000| Untracked 
|   5|0x00000000fc500000, 0x00000000fc600000, 0x00000000fc600000|100%|HS|  |TAMS 0x00000000fc500000, 0x00000000fc500000| Complete 
|   6|0x00000000fc600000, 0x00000000fc700000, 0x00000000fc700000|100%|HC|  |TAMS 0x00000000fc600000, 0x00000000fc600000| Complete 
|   7|0x00000000fc700000, 0x00000000fc800000, 0x00000000fc800000|100%|HC|  |TAMS 0x00000000fc700000, 0x00000000fc700000| Complete 
|   8|0x00000000fc800000, 0x00000000fc8dc800, 0x00000000fc900000| 86%| O|  |TAMS 0x00000000fc800000, 0x00000000fc800000| Untracked 
|   9|0x00000000fc900000, 0x00000000fc900000, 0x00000000fca00000|  0%| F|  |TAMS 0x00000000fc900000, 0x00000000fc900000| Untracked 
|  10|0x00000000fca00000, 0x00000000fca00000, 0x00000000fcb00000|  0%| F|  |TAMS 0x00000000fca00000, 0x00000000fca00000| Untracked 
|  11|0x00000000fcb00000, 0x00000000fcb00000, 0x00000000fcc00000|  0%| F|  |TAMS 0x00000000fcb00000, 0x00000000fcb00000| Untracked 
|  12|0x00000000fcc00000, 0x00000000fcc00000, 0x00000000fcd00000|  0%| F|  |TAMS 0x00000000fcc00000, 0x00000000fcc00000| Untracked 
|  13|0x00000000fcd00000, 0x00000000fcd00000, 0x00000000fce00000|  0%| F|  |TAMS 0x00000000fcd00000, 0x00000000fcd00000| Untracked 
|  14|0x00000000fce00000, 0x00000000fce00000, 0x00000000fcf00000|  0%| F|  |TAMS 0x00000000fce00000, 0x00000000fce00000| Untracked 
|  15|0x00000000fcf00000, 0x00000000fcf00000, 0x00000000fd000000|  0%| F|  |TAMS 0x00000000fcf00000, 0x00000000fcf00000| Untracked 
|  16|0x00000000fd000000, 0x00000000fd000000, 0x00000000fd100000|  0%| F|  |TAMS 0x00000000fd000000, 0x00000000fd000000| Untracked 
|  17|0x00000000fd100000, 0x00000000fd100000, 0x00000000fd200000|  0%| F|  |TAMS 0x00000000fd100000, 0x00000000fd100000| Untracked 
|  18|0x00000000fd200000, 0x00000000fd200000, 0x00000000fd300000|  0%| F|  |TAMS 0x00000000fd200000, 0x00000000fd200000| Untracked 
|  19|0x00000000fd300000, 0x00000000fd300000, 0x00000000fd400000|  0%| F|  |TAMS 0x00000000fd300000, 0x00000000fd300000| Untracked 
|  20|0x00000000fd400000, 0x00000000fd400000, 0x00000000fd500000|  0%| F|  |TAMS 0x00000000fd400000, 0x00000000fd400000| Untracked 
|  21|0x00000000fd500000, 0x00000000fd500000, 0x00000000fd600000|  0%| F|  |TAMS 0x00000000fd500000, 0x00000000fd500000| Untracked 
|  22|0x00000000fd600000, 0x00000000fd600000, 0x00000000fd700000|  0%| F|  |TAMS 0x00000000fd600000, 0x00000000fd600000| Untracked 
|  23|0x00000000fd700000, 0x00000000fd700000, 0x00000000fd800000|  0%| F|  |TAMS 0x00000000fd700000, 0x00000000fd700000| Untracked 
|  24|0x00000000fd800000, 0x00000000fd800000, 0x00000000fd900000|  0%| F|  |TAMS 0x00000000fd800000, 0x00000000fd800000| Untracked 
|  25|0x00000000fd900000, 0x00000000fd900000, 0x00000000fda00000|  0%| F|  |TAMS 0x00000000fd900000, 0x00000000fd900000| Untracked 
|  26|0x00000000fda00000, 0x00000000fda00000, 0x00000000fdb00000|  0%| F|  |TAMS 0x00000000fda00000, 0x00000000fda00000| Untracked 
|  27|0x00000000fdb00000, 0x00000000fdb00000, 0x00000000fdc00000|  0%| F|  |TAMS 0x00000000fdb00000, 0x00000000fdb00000| Untracked 
|  28|0x00000000fdc00000, 0x00000000fdc00000, 0x00000000fdd00000|  0%| F|  |TAMS 0x00000000fdc00000, 0x00000000fdc00000| Untracked 
|  29|0x00000000fdd00000, 0x00000000fdd00000, 0x00000000fde00000|  0%| F|  |TAMS 0x00000000fdd00000, 0x00000000fdd00000| Untracked 
|  30|0x00000000fde00000, 0x00000000fde00000, 0x00000000fdf00000|  0%| F|  |TAMS 0x00000000fde00000, 0x00000000fde00000| Untracked 
|  31|0x00000000fdf00000, 0x00000000fdf00000, 0x00000000fe000000|  0%| F|  |TAMS 0x00000000fdf00000, 0x00000000fdf00000| Untracked 
|  32|0x00000000fe000000, 0x00000000fe000000, 0x00000000fe100000|  0%| F|  |TAMS 0x00000000fe000000, 0x00000000fe000000| Untracked 
|  33|0x00000000fe100000, 0x00000000fe100000, 0x00000000fe200000|  0%| F|  |TAMS 0x00000000fe100000, 0x00000000fe100000| Untracked 
|  34|0x00000000fe200000, 0x00000000fe200000, 0x00000000fe300000|  0%| F|  |TAMS 0x00000000fe200000, 0x00000000fe200000| Untracked 
|  35|0x00000000fe300000, 0x00000000fe300000, 0x00000000fe400000|  0%| F|  |TAMS 0x00000000fe300000, 0x00000000fe300000| Untracked 
|  36|0x00000000fe400000, 0x00000000fe400000, 0x00000000fe500000|  0%| F|  |TAMS 0x00000000fe400000, 0x00000000fe400000| Untracked 
|  37|0x00000000fe500000, 0x00000000fe500000, 0x00000000fe600000|  0%| F|  |TAMS 0x00000000fe500000, 0x00000000fe500000| Untracked 
|  38|0x00000000fe600000, 0x00000000fe600000, 0x00000000fe700000|  0%| F|  |TAMS 0x00000000fe600000, 0x00000000fe600000| Untracked 
|  39|0x00000000fe700000, 0x00000000fe700000, 0x00000000fe800000|  0%| F|  |TAMS 0x00000000fe700000, 0x00000000fe700000| Untracked 
|  40|0x00000000fe800000, 0x00000000fe800000, 0x00000000fe900000|  0%| F|  |TAMS 0x00000000fe800000, 0x00000000fe800000| Untracked 
|  41|0x00000000fe900000, 0x00000000fe900000, 0x00000000fea00000|  0%| F|  |TAMS 0x00000000fe900000, 0x00000000fe900000| Untracked 
|  42|0x00000000fea00000, 0x00000000fea00000, 0x00000000feb00000|  0%| F|  |TAMS 0x00000000fea00000, 0x00000000fea00000| Untracked 
|  43|0x00000000feb00000, 0x00000000feb00000, 0x00000000fec00000|  0%| F|  |TAMS 0x00000000feb00000, 0x00000000feb00000| Untracked 
|  44|0x00000000fec00000, 0x00000000fec00000, 0x00000000fed00000|  0%| F|  |TAMS 0x00000000fec00000, 0x00000000fec00000| Untracked 
|  45|0x00000000fed00000, 0x00000000fed00000, 0x00000000fee00000|  0%| F|  |TAMS 0x00000000fed00000, 0x00000000fed00000| Untracked 
|  46|0x00000000fee00000, 0x00000000fee00000, 0x00000000fef00000|  0%| F|  |TAMS 0x00000000fee00000, 0x00000000fee00000| Untracked 
|  47|0x00000000fef00000, 0x00000000fef00000, 0x00000000ff000000|  0%| F|  |TAMS 0x00000000fef00000, 0x00000000fef00000| Untracked 
|  48|0x00000000ff000000, 0x00000000ff000000, 0x00000000ff100000|  0%| F|  |TAMS 0x00000000ff000000, 0x00000000ff000000| Untracked 
|  49|0x00000000ff100000, 0x00000000ff100000, 0x00000000ff200000|  0%| F|  |TAMS 0x00000000ff100000, 0x00000000ff100000| Untracked 
|  50|0x00000000ff200000, 0x00000000ff200000, 0x00000000ff300000|  0%| F|  |TAMS 0x00000000ff200000, 0x00000000ff200000| Untracked 
|  51|0x00000000ff300000, 0x00000000ff300000, 0x00000000ff400000|  0%| F|  |TAMS 0x00000000ff300000, 0x00000000ff300000| Untracked 
|  52|0x00000000ff400000, 0x00000000ff400000, 0x00000000ff500000|  0%| F|  |TAMS 0x00000000ff400000, 0x00000000ff400000| Untracked 
|  53|0x00000000ff500000, 0x00000000ff500000, 0x00000000ff600000|  0%| F|  |TAMS 0x00000000ff500000, 0x00000000ff500000| Untracked 
|  54|0x00000000ff600000, 0x00000000ff600000, 0x00000000ff700000|  0%| F|  |TAMS 0x00000000ff600000, 0x00000000ff600000| Untracked 
|  55|0x00000000ff700000, 0x00000000ff700000, 0x00000000ff800000|  0%| F|  |TAMS 0x00000000ff700000, 0x00000000ff700000| Untracked 
|  56|0x00000000ff800000, 0x00000000ff800000, 0x00000000ff900000|  0%| F|  |TAMS 0x00000000ff800000, 0x00000000ff800000| Untracked 
|  57|0x00000000ff900000, 0x00000000ff900000, 0x00000000ffa00000|  0%| F|  |TAMS 0x00000000ff900000, 0x00000000ff900000| Untracked 
|  58|0x00000000ffa00000, 0x00000000ffa00000, 0x00000000ffb00000|  0%| F|  |TAMS 0x00000000ffa00000, 0x00000000ffa00000| Untracked 
|  59|0x00000000ffb00000, 0x00000000ffb9fec0, 0x00000000ffc00000| 62%| S|CS|TAMS 0x00000000ffb00000, 0x00000000ffb00000| Complete 
|  60|0x00000000ffc00000, 0x00000000ffc00000, 0x00000000ffd00000|  0%| F|  |TAMS 0x00000000ffc00000, 0x00000000ffc00000| Untracked 
|  61|0x00000000ffd00000, 0x00000000ffd00000, 0x00000000ffe00000|  0%| F|  |TAMS 0x00000000ffd00000, 0x00000000ffd00000| Untracked 
|  62|0x00000000ffe00000, 0x00000000ffe00000, 0x00000000fff00000|  0%| F|  |TAMS 0x00000000ffe00000, 0x00000000ffe00000| Untracked 
|  63|0x00000000fff00000, 0x00000000fffb8e40, 0x0000000100000000| 72%| E|  |TAMS 0x00000000fff00000, 0x00000000fff00000| Complete 

Card table byte_map: [0x000001e62d8b0000,0x000001e62d8d0000] _byte_map_base: 0x000001e62d0d0000

Marking Bits (Prev, Next): (CMBitMap*) 0x000001e62f947ef8, (CMBitMap*) 0x000001e62f947f30
 Prev Bits: [0x000001e62f740000, 0x000001e62f840000)
 Next Bits: [0x000001e6470b0000, 0x000001e6471b0000)

Polling page: 0x000001e62d690000

Metaspace:

Usage:
  Non-class:     10.54 MB capacity,    10.33 MB ( 98%) used,   195.73 KB (  2%) free+waste,    13.19 KB ( <1%) overhead. 
      Class:      1.34 MB capacity,     1.23 MB ( 92%) used,   104.19 KB (  8%) free+waste,     6.44 KB ( <1%) overhead. 
       Both:     11.88 MB capacity,    11.56 MB ( 97%) used,   299.91 KB (  2%) free+waste,    19.63 KB ( <1%) overhead. 

Virtual space:
  Non-class space:       12.00 MB reserved,      10.75 MB ( 90%) committed 
      Class space:        1.00 GB reserved,       1.38 MB ( <1%) committed 
             Both:        1.01 GB reserved,      12.13 MB (  1%) committed 

Chunk freelists:
   Non-Class:  27.00 KB
       Class:  4.00 KB
        Both:  31.00 KB

MaxMetaspaceSize: 17179869184.00 GB
CompressedClassSpaceSize: 1.00 GB
Initial GC threshold: 20.80 MB
Current GC threshold: 20.80 MB
CDS: off

CodeHeap 'non-profiled nmethods': size=120064Kb used=328Kb max_used=328Kb free=119735Kb
 bounds [0x000001e63fb70000, 0x000001e63fde0000, 0x000001e6470b0000]
CodeHeap 'profiled nmethods': size=120000Kb used=1942Kb max_used=1942Kb free=118057Kb
 bounds [0x000001e638640000, 0x000001e6388b0000, 0x000001e63fb70000]
CodeHeap 'non-nmethods': size=5696Kb used=1134Kb max_used=1141Kb free=4561Kb
 bounds [0x000001e6380b0000, 0x000001e638320000, 0x000001e638640000]
 total_blobs=1371 nmethods=980 adapters=304
 compilation: enabled
              stopped_count=0, restarted_count=0
 full_count=0

Compilation events (20 events):
Event: 2.175 Thread 0x000001e649fab800  957       1       java.lang.reflect.Method::getModifiers (5 bytes)
Event: 2.176 Thread 0x000001e649fab800 nmethod 957 0x000001e63fbc1390 code [0x000001e63fbc1540, 0x000001e63fbc15f8]
Event: 2.182 Thread 0x000001e649fab800  958       3       sun.reflect.generics.parser.SignatureParser::current (59 bytes)
Event: 2.183 Thread 0x000001e649fab800 nmethod 958 0x000001e638815b10 code [0x000001e638815d40, 0x000001e638816418]
Event: 2.183 Thread 0x000001e649fab800  959       3       sun.reflect.generics.parser.SignatureParser::advance (53 bytes)
Event: 2.183 Thread 0x000001e649fab800 nmethod 959 0x000001e638816690 code [0x000001e638816860, 0x000001e638816ab8]
Event: 2.183 Thread 0x000001e649fab800  960       3       java.lang.Character::isWhitespace (5 bytes)
Event: 2.183 Thread 0x000001e649fab800 nmethod 960 0x000001e638816c10 code [0x000001e638816de0, 0x000001e638817018]
Event: 2.189 Thread 0x000001e649fab800  961       3       java.lang.CharacterDataLatin1::isWhitespace (23 bytes)
Event: 2.189 Thread 0x000001e649fab800 nmethod 961 0x000001e638817110 code [0x000001e6388172e0, 0x000001e6388174f8]
Event: 2.208 Thread 0x000001e649fab800  962       3       java.lang.invoke.DirectMethodHandle::internalMemberName (8 bytes)
Event: 2.208 Thread 0x000001e649fab800 nmethod 962 0x000001e638817610 code [0x000001e6388177c0, 0x000001e638817998]
Event: 2.222 Thread 0x000001e649fab800  963       3       java.util.zip.CRC32::updateBytesCheck (55 bytes)
Event: 2.223 Thread 0x000001e649fab800 nmethod 963 0x000001e638817a90 code [0x000001e638817ca0, 0x000001e638818108]
Event: 2.223 Thread 0x000001e649fab800  964       3       jdk.internal.loader.URLClassPath$JarLoader$2::getCodeSigners (8 bytes)
Event: 2.223 Thread 0x000001e649fab800 nmethod 964 0x000001e638818310 code [0x000001e6388184c0, 0x000001e638818688]
Event: 2.224 Thread 0x000001e649fab800  965   !   3       java.util.jar.JarFile$JarFileEntry::getCodeSigners (81 bytes)
Event: 2.225 Thread 0x000001e649fab800 nmethod 965 0x000001e638818790 code [0x000001e6388189c0, 0x000001e638818f68]
Event: 2.225 Thread 0x000001e649fab800  967       3       java.lang.ClassLoader::getNamedPackage (73 bytes)
Event: 2.226 Thread 0x000001e649fab800 nmethod 967 0x000001e638819190 code [0x000001e638819380, 0x000001e638819888]

GC Heap History (17 events):
Event: 1.249 GC heap before
{Heap before GC invocations=0 (full 0):
 garbage-first heap   total 65536K, used 16384K [0x00000000fc000000, 0x0000000100000000)
  region size 1024K, 14 young (14336K), 0 survivors (0K)
 Metaspace       used 7662K, capacity 7825K, committed 7936K, reserved 1056768K
  class space    used 674K, capacity 754K, committed 768K, reserved 1048576K
}
Event: 1.257 GC heap after
{Heap after GC invocations=1 (full 0):
 garbage-first heap   total 65536K, used 3076K [0x00000000fc000000, 0x0000000100000000)
  region size 1024K, 2 young (2048K), 2 survivors (2048K)
 Metaspace       used 7662K, capacity 7825K, committed 7936K, reserved 1056768K
  class space    used 674K, capacity 754K, committed 768K, reserved 1048576K
}
Event: 1.351 GC heap before
{Heap before GC invocations=1 (full 0):
 garbage-first heap   total 65536K, used 3076K [0x00000000fc000000, 0x0000000100000000)
  region size 1024K, 3 young (3072K), 2 survivors (2048K)
 Metaspace       used 7837K, capacity 8017K, committed 8192K, reserved 1056768K
  class space    used 691K, capacity 754K, committed 768K, reserved 1048576K
}
Event: 1.355 GC heap after
{Heap after GC invocations=2 (full 0):
 garbage-first heap   total 65536K, used 3606K [0x00000000fc000000, 0x0000000100000000)
  region size 1024K, 1 young (1024K), 1 survivors (1024K)
 Metaspace       used 7837K, capacity 8017K, committed 8192K, reserved 1056768K
  class space    used 691K, capacity 754K, committed 768K, reserved 1048576K
}
Event: 1.467 GC heap before
{Heap before GC invocations=2 (full 0):
 garbage-first heap   total 65536K, used 7702K [0x00000000fc000000, 0x0000000100000000)
  region size 1024K, 3 young (3072K), 1 survivors (1024K)
 Metaspace       used 7856K, capacity 8017K, committed 8192K, reserved 1056768K
  class space    used 691K, capacity 754K, committed 768K, reserved 1048576K
}
Event: 1.468 GC heap after
{Heap after GC invocations=3 (full 0):
 garbage-first heap   total 65536K, used 7994K [0x00000000fc000000, 0x0000000100000000)
  region size 1024K, 1 young (1024K), 1 survivors (1024K)
 Metaspace       used 7856K, capacity 8017K, committed 8192K, reserved 1056768K
  class space    used 691K, capacity 754K, committed 768K, reserved 1048576K
}
Event: 1.562 GC heap before
{Heap before GC invocations=3 (full 0):
 garbage-first heap   total 65536K, used 9018K [0x00000000fc000000, 0x0000000100000000)
  region size 1024K, 3 young (3072K), 1 survivors (1024K)
 Metaspace       used 8223K, capacity 8439K, committed 8576K, reserved 1056768K
  class space    used 738K, capacity 788K, committed 896K, reserved 1048576K
}
Event: 1.563 GC heap after
{Heap after GC invocations=4 (full 0):
 garbage-first heap   total 65536K, used 8879K [0x00000000fc000000, 0x0000000100000000)
  region size 1024K, 1 young (1024K), 1 survivors (1024K)
 Metaspace       used 8223K, capacity 8439K, committed 8576K, reserved 1056768K
  class space    used 738K, capacity 788K, committed 896K, reserved 1048576K
}
Event: 1.703 GC heap before
{Heap before GC invocations=4 (full 0):
 garbage-first heap   total 65536K, used 10927K [0x00000000fc000000, 0x0000000100000000)
  region size 1024K, 3 young (3072K), 1 survivors (1024K)
 Metaspace       used 9395K, capacity 9642K, committed 9728K, reserved 1058816K
  class space    used 895K, capacity 1000K, committed 1024K, reserved 1048576K
}
Event: 1.705 GC heap after
{Heap after GC invocations=5 (full 0):
 garbage-first heap   total 65536K, used 9105K [0x00000000fc000000, 0x0000000100000000)
  region size 1024K, 1 young (1024K), 1 survivors (1024K)
 Metaspace       used 9395K, capacity 9642K, committed 9728K, reserved 1058816K
  class space    used 895K, capacity 1000K, committed 1024K, reserved 1048576K
}
Event: 1.875 GC heap before
{Heap before GC invocations=5 (full 0):
 garbage-first heap   total 65536K, used 11153K [0x00000000fc000000, 0x0000000100000000)
  region size 1024K, 3 young (3072K), 1 survivors (1024K)
 Metaspace       used 9755K, capacity 9962K, committed 10112K, reserved 1058816K
  class space    used 967K, capacity 1064K, committed 1152K, reserved 1048576K
}
Event: 1.877 GC heap after
{Heap after GC invocations=6 (full 0):
 garbage-first heap   total 65536K, used 9190K [0x00000000fc000000, 0x0000000100000000)
  region size 1024K, 1 young (1024K), 1 survivors (1024K)
 Metaspace       used 9755K, capacity 9962K, committed 10112K, reserved 1058816K
  class space    used 967K, capacity 1064K, committed 1152K, reserved 1048576K
}
Event: 1.988 GC heap before
{Heap before GC invocations=6 (full 0):
 garbage-first heap   total 65536K, used 11238K [0x00000000fc000000, 0x0000000100000000)
  region size 1024K, 3 young (3072K), 1 survivors (1024K)
 Metaspace       used 10680K, capacity 10918K, committed 11264K, reserved 1058816K
  class space    used 1088K, capacity 1168K, committed 1280K, reserved 1048576K
}
Event: 1.990 GC heap after
{Heap after GC invocations=7 (full 0):
 garbage-first heap   total 65536K, used 9490K [0x00000000fc000000, 0x0000000100000000)
  region size 1024K, 1 young (1024K), 1 survivors (1024K)
 Metaspace       used 10680K, capacity 10918K, committed 11264K, reserved 1058816K
  class space    used 1088K, capacity 1168K, committed 1280K, reserved 1048576K
}
Event: 2.086 GC heap before
{Heap before GC invocations=7 (full 0):
 garbage-first heap   total 65536K, used 10514K [0x00000000fc000000, 0x0000000100000000)
  region size 1024K, 3 young (3072K), 1 survivors (1024K)
 Metaspace       used 11055K, capacity 11324K, committed 11520K, reserved 1058816K
  class space    used 1147K, capacity 1242K, committed 1280K, reserved 1048576K
}
Event: 2.088 GC heap after
{Heap after GC invocations=8 (full 0):
 garbage-first heap   total 65536K, used 9620K [0x00000000fc000000, 0x0000000100000000)
  region size 1024K, 1 young (1024K), 1 survivors (1024K)
 Metaspace       used 11055K, capacity 11324K, committed 11520K, reserved 1058816K
  class space    used 1147K, capacity 1242K, committed 1280K, reserved 1048576K
}
Event: 2.234 GC heap before
{Heap before GC invocations=8 (full 0):
 garbage-first heap   total 65536K, used 12692K [0x00000000fc000000, 0x0000000100000000)
  region size 1024K, 4 young (4096K), 1 survivors (1024K)
 Metaspace       used 11728K, capacity 11935K, committed 12160K, reserved 1060864K
  class space    used 1246K, capacity 1339K, committed 1408K, reserved 1048576K
}

Deoptimization events (20 events):
Event: 1.873 Thread 0x000001e62f92c800 Uncommon trap: trap_request=0xffffffde fr.pc=0x000001e63fb8e648 relative=0x00000000000003a8
Event: 1.873 Thread 0x000001e62f92c800 Uncommon trap: reason=class_check action=maybe_recompile pc=0x000001e63fb8e648 method=java.util.regex.Matcher.match(II)Z @ 121 c2
Event: 1.873 Thread 0x000001e62f92c800 DEOPT PACKING pc=0x000001e63fb8e648 sp=0x00000042b99fce70
Event: 1.873 Thread 0x000001e62f92c800 DEOPT UNPACKING pc=0x000001e6380fa1af sp=0x00000042b99fce18 mode 2
Event: 1.873 Thread 0x000001e62f92c800 Uncommon trap: trap_request=0xffffffde fr.pc=0x000001e63fb8e648 relative=0x00000000000003a8
Event: 1.873 Thread 0x000001e62f92c800 Uncommon trap: reason=class_check action=maybe_recompile pc=0x000001e63fb8e648 method=java.util.regex.Matcher.match(II)Z @ 121 c2
Event: 1.873 Thread 0x000001e62f92c800 DEOPT PACKING pc=0x000001e63fb8e648 sp=0x00000042b99fce70
Event: 1.873 Thread 0x000001e62f92c800 DEOPT UNPACKING pc=0x000001e6380fa1af sp=0x00000042b99fce18 mode 2
Event: 1.879 Thread 0x000001e62f92c800 Uncommon trap: trap_request=0xffffff4d fr.pc=0x000001e63fb7d674 relative=0x0000000000000054
Event: 1.879 Thread 0x000001e62f92c800 Uncommon trap: reason=unstable_if action=reinterpret pc=0x000001e63fb7d674 method=java.util.regex.Pattern.has(I)Z @ 6 c2
Event: 1.879 Thread 0x000001e62f92c800 DEOPT PACKING pc=0x000001e63fb7d674 sp=0x00000042b99fcc60
Event: 1.879 Thread 0x000001e62f92c800 DEOPT UNPACKING pc=0x000001e6380fa1af sp=0x00000042b99fcbf0 mode 2
Event: 1.883 Thread 0x000001e62f92c800 Uncommon trap: trap_request=0xffffff4d fr.pc=0x000001e63fbb1bc4 relative=0x0000000000000204
Event: 1.883 Thread 0x000001e62f92c800 Uncommon trap: reason=unstable_if action=reinterpret pc=0x000001e63fbb1bc4 method=java.util.HashMap.hash(Ljava/lang/Object;)I @ 1 c2
Event: 1.883 Thread 0x000001e62f92c800 DEOPT PACKING pc=0x000001e63fbb1bc4 sp=0x00000042b99fcf50
Event: 1.883 Thread 0x000001e62f92c800 DEOPT UNPACKING pc=0x000001e6380fa1af sp=0x00000042b99fce88 mode 2
Event: 2.097 Thread 0x000001e62f92c800 Uncommon trap: trap_request=0xffffff4d fr.pc=0x000001e63fb91c88 relative=0x0000000000000868
Event: 2.097 Thread 0x000001e62f92c800 Uncommon trap: reason=unstable_if action=reinterpret pc=0x000001e63fb91c88 method=java.io.WinNTFileSystem.resolve(Ljava/lang/String;Ljava/lang/String;)Ljava/lang/String; @ 70 c2
Event: 2.097 Thread 0x000001e62f92c800 DEOPT PACKING pc=0x000001e63fb91c88 sp=0x00000042b99fbdb0
Event: 2.097 Thread 0x000001e62f92c800 DEOPT UNPACKING pc=0x000001e6380fa1af sp=0x00000042b99fbd40 mode 2

Classes redefined (0 events):
No events

Internal exceptions (8 events):
Event: 0.459 Thread 0x000001e62f92c800 Exception <a 'java/lang/NoSuchMethodError'{0x00000000ffc4e6c8}: 'int java.lang.invoke.DirectMethodHandle$Holder.invokeStaticInit(java.lang.Object, java.lang.Object)'> (0x00000000ffc4e6c8) thrown at [./src/hotspot/share/interpreter/linkResolver.cpp, line 773]
Event: 0.563 Thread 0x000001e62f92c800 Exception <a 'java/lang/NoSuchMethodError'{0x00000000ffb22578}: 'int java.lang.invoke.DirectMethodHandle$Holder.invokeSpecial(java.lang.Object, java.lang.Object, java.lang.Object, java.lang.Object)'> (0x00000000ffb22578) thrown at [./src/hotspot/share/interpreter/linkResolver.cpp, line 773]
Event: 0.572 Thread 0x000001e62f92c800 Exception <a 'java/lang/NoSuchMethodError'{0x00000000ffb5b088}: 'int java.lang.invoke.DirectMethodHandle$Holder.invokeSpecialIFC(java.lang.Object, java.lang.Object, int)'> (0x00000000ffb5b088) thrown at [./src/hotspot/share/interpreter/linkResolver.cpp, line 773]
Event: 1.883 Thread 0x000001e62f92c800 Implicit null exception at 0x000001e63fbb19f5 to 0x000001e63fbb1bb4
Event: 1.950 Thread 0x000001e62f92c800 Exception <a 'java/lang/NoClassDefFoundError'{0x00000000ffff2d48}: org/slf4j/impl/StaticMarkerBinder> (0x00000000ffff2d48) thrown at [./src/hotspot/share/classfile/systemDictionary.cpp, line 219]
Event: 1.986 Thread 0x000001e62f92c800 Exception <a 'java/lang/NoSuchMethodError'{0x00000000ffef4aa0}: 'java.lang.Object java.lang.invoke.DirectMethodHandle$Holder.invokeVirtual(java.lang.Object, java.lang.Object, java.lang.Object, java.lang.Object, java.lang.Object, java.lang.Object, java.lang.Object)'> (0x00000000ffef4aa0) thrown at [./src/hotspot/share/interpreter/linkResolver.cpp, line 773]
Event: 1.994 Thread 0x000001e62f92c800 Exception <a 'java/lang/NoSuchMethodError'{0x00000000fff09860}: 'java.lang.Object java.lang.invoke.Invokers$Holder.invoker(java.lang.Object, java.lang.Object, java.lang.Object)'> (0x00000000fff09860) thrown at [./src/hotspot/share/interpreter/linkResolver.cpp, line 773]
Event: 2.000 Thread 0x000001e62f92c800 Exception <a 'java/lang/NoSuchMethodError'{0x00000000fff1a8c8}: 'void java.lang.invoke.DelegatingMethodHandle$Holder.delegate(java.lang.Object, java.lang.Object, int, java.lang.Object)'> (0x00000000fff1a8c8) thrown at [./src/hotspot/share/interpreter/linkResolver.cpp, line 773]

Events (20 events):
Event: 2.221 loading class org/gradle/internal/exceptions/DiagnosticsVisitor done
Event: 2.226 loading class org/gradle/api/InvalidUserCodeException
Event: 2.226 loading class org/gradle/api/InvalidUserCodeException done
Event: 2.227 loading class org/gradle/api/tasks/util/internal/PatternSpecFactory$CaseSensitivity
Event: 2.227 loading class org/gradle/api/tasks/util/internal/PatternSpecFactory$CaseSensitivity done
Event: 2.229 loading class org/gradle/api/tasks/util/internal/PatternSets
Event: 2.229 loading class org/gradle/api/tasks/util/internal/PatternSets done
Event: 2.230 loading class org/gradle/api/tasks/util/internal/PatternSets$PatternSetFactory
Event: 2.230 loading class org/gradle/api/tasks/util/internal/PatternSets$PatternSetFactory done
Event: 2.231 loading class org/gradle/api/tasks/util/internal/PatternSets$InternalPatternSet
Event: 2.231 loading class org/gradle/api/tasks/util/internal/PatternSets$InternalPatternSet done
Event: 2.232 loading class org/gradle/internal/nativeintegration/filesystem/services/NativePlatformBackedFileMetadataAccessor
Event: 2.232 loading class org/gradle/internal/nativeintegration/filesystem/services/NativePlatformBackedFileMetadataAccessor done
Event: 2.232 loading class net/rubygrapefruit/platform/internal/DefaultWindowsFiles
Event: 2.232 loading class net/rubygrapefruit/platform/internal/DefaultWindowsFiles done
Event: 2.233 loading class net/rubygrapefruit/platform/internal/AbstractFiles
Event: 2.233 loading class net/rubygrapefruit/platform/internal/AbstractFiles done
Event: 2.234 loading class net/rubygrapefruit/platform/file/NoSuchFileException
Event: 2.234 loading class net/rubygrapefruit/platform/file/NoSuchFileException done
Event: 2.234 Executing VM operation: G1CollectForAllocation


Dynamic libraries:
0x00007ff660b00000 - 0x00007ff660b0d000 	C:\Program Files\Java\jdk-11.0.18.10-hotspot\bin\java.exe
0x00007ff8e1b30000 - 0x00007ff8e1d28000 	C:\Windows\SYSTEM32\ntdll.dll
0x00007ff8e1a30000 - 0x00007ff8e1aed000 	C:\Windows\System32\KERNEL32.DLL
0x00007ff8df810000 - 0x00007ff8dfade000 	C:\Windows\System32\KERNELBASE.dll
0x00007ff8df680000 - 0x00007ff8df780000 	C:\Windows\System32\ucrtbase.dll
0x00007ff8cf4e0000 - 0x00007ff8cf4f7000 	C:\Program Files\Java\jdk-11.0.18.10-hotspot\bin\jli.dll
0x00007ff8dfb90000 - 0x00007ff8dfd30000 	C:\Windows\System32\USER32.dll
0x00007ff8cfd30000 - 0x00007ff8cffca000 	C:\Windows\WinSxS\amd64_microsoft.windows.common-controls_6595b64144ccf1df_6.0.19041.1110_none_60b5254171f9507e\COMCTL32.dll
0x00007ff8df250000 - 0x00007ff8df272000 	C:\Windows\System32\win32u.dll
0x00007ff8e0ac0000 - 0x00007ff8e0b5e000 	C:\Windows\System32\msvcrt.dll
0x00007ff8e1a00000 - 0x00007ff8e1a2a000 	C:\Windows\System32\GDI32.dll
0x00007ff8df280000 - 0x00007ff8df38b000 	C:\Windows\System32\gdi32full.dll
0x00007ff8cabf0000 - 0x00007ff8cac05000 	C:\Program Files\Java\jdk-11.0.18.10-hotspot\bin\VCRUNTIME140.dll
0x00007ff8df410000 - 0x00007ff8df4ad000 	C:\Windows\System32\msvcp_win.dll
0x00007ff8e1880000 - 0x00007ff8e18b0000 	C:\Windows\System32\IMM32.DLL
0x00007ff89fd30000 - 0x00007ff89fdcb000 	C:\Program Files\Java\jdk-11.0.18.10-hotspot\bin\msvcp140.dll
0x00007ff882220000 - 0x00007ff882db2000 	C:\Program Files\Java\jdk-11.0.18.10-hotspot\bin\server\jvm.dll
0x00007ff8e0f10000 - 0x00007ff8e0fbe000 	C:\Windows\System32\ADVAPI32.dll
0x00007ff8e18b0000 - 0x00007ff8e194c000 	C:\Windows\System32\sechost.dll
0x00007ff8e0dd0000 - 0x00007ff8e0ef5000 	C:\Windows\System32\RPCRT4.dll
0x00007ff8dfd90000 - 0x00007ff8dfd98000 	C:\Windows\System32\PSAPI.DLL
0x00007ff8d0160000 - 0x00007ff8d0187000 	C:\Windows\SYSTEM32\WINMM.dll
0x00007ff8d0580000 - 0x00007ff8d058a000 	C:\Windows\SYSTEM32\VERSION.dll
0x00007ff8cf4c0000 - 0x00007ff8cf4c9000 	C:\Windows\SYSTEM32\WSOCK32.dll
0x00007ff8e0c80000 - 0x00007ff8e0ceb000 	C:\Windows\System32\ws2_32.DLL
0x00007ff8ddae0000 - 0x00007ff8ddaf2000 	C:\Windows\SYSTEM32\kernel.appcore.dll
0x00007ff8dc690000 - 0x00007ff8dc6a0000 	C:\Program Files\Java\jdk-11.0.18.10-hotspot\bin\verify.dll
0x00007ff8dd8d0000 - 0x00007ff8ddab4000 	C:\Windows\SYSTEM32\DBGHELP.DLL
0x00007ff8ce730000 - 0x00007ff8ce75c000 	C:\Windows\SYSTEM32\dbgcore.DLL
0x00007ff8df780000 - 0x00007ff8df802000 	C:\Windows\System32\bcryptPrimitives.dll
0x00007ff8cab50000 - 0x00007ff8cab78000 	C:\Program Files\Java\jdk-11.0.18.10-hotspot\bin\java.dll
0x00007ff8dc630000 - 0x00007ff8dc63a000 	C:\Program Files\Java\jdk-11.0.18.10-hotspot\bin\jimage.dll
0x00007ff8c25e0000 - 0x00007ff8c25f8000 	C:\Program Files\Java\jdk-11.0.18.10-hotspot\bin\zip.dll
0x00007ff8dfdb0000 - 0x00007ff8e04f4000 	C:\Windows\System32\SHELL32.dll
0x00007ff8dd060000 - 0x00007ff8dd7f4000 	C:\Windows\SYSTEM32\windows.storage.dll
0x00007ff8e1020000 - 0x00007ff8e1374000 	C:\Windows\System32\combase.dll
0x00007ff8decb0000 - 0x00007ff8dece0000 	C:\Windows\SYSTEM32\Wldp.dll
0x00007ff8e1950000 - 0x00007ff8e19fd000 	C:\Windows\System32\SHCORE.dll
0x00007ff8e0fc0000 - 0x00007ff8e1015000 	C:\Windows\System32\shlwapi.dll
0x00007ff8df190000 - 0x00007ff8df1af000 	C:\Windows\SYSTEM32\profapi.dll
0x00007ff8c25c0000 - 0x00007ff8c25d9000 	C:\Program Files\Java\jdk-11.0.18.10-hotspot\bin\net.dll
0x00007ff8d2540000 - 0x00007ff8d264a000 	C:\Windows\SYSTEM32\WINHTTP.dll
0x00007ff8dea10000 - 0x00007ff8dea7a000 	C:\Windows\system32\mswsock.dll
0x00007ff8c0fa0000 - 0x00007ff8c0fb3000 	C:\Program Files\Java\jdk-11.0.18.10-hotspot\bin\nio.dll
0x00007ff8bca10000 - 0x00007ff8bca37000 	C:\Users\binda\.gradle\native\e1d6ef7f7dcc3fd88c89a11ec53ec762bb8ba0a96d01ffa2cd45eb1d1d8dd5c5\windows-amd64\native-platform.dll
0x00007ff8da0f0000 - 0x00007ff8da0fa000 	C:\Users\binda\.gradle\native\jansi\1.18\windows64\jansi.dll

dbghelp: loaded successfully - version: 4.0.5 - missing functions: none
symbol engine: initialized successfully - sym options: 0x614 - pdb path: .;C:\Program Files\Java\jdk-11.0.18.10-hotspot\bin;C:\Windows\SYSTEM32;C:\Windows\WinSxS\amd64_microsoft.windows.common-controls_6595b64144ccf1df_6.0.19041.1110_none_60b5254171f9507e;C:\Program Files\Java\jdk-11.0.18.10-hotspot\bin\server;C:\Users\binda\.gradle\native\e1d6ef7f7dcc3fd88c89a11ec53ec762bb8ba0a96d01ffa2cd45eb1d1d8dd5c5\windows-amd64;C:\Users\binda\.gradle\native\jansi\1.18\windows64

VM Arguments:
jvm_args: -Xmx64m -Xms64m -Dorg.gradle.appname=gradlew 
java_command: org.gradle.wrapper.GradleWrapperMain app:installDebug -PreactNativeDevServerPort=8081
java_class_path (initial): C:\Users\binda\Downloads\RN_Cli_Muplay-main 2\RN_Cli_Muplay-main\android\\gradle\wrapper\gradle-wrapper.jar
Launcher Type: SUN_STANDARD

[Global flags]
     intx CICompilerCount                          = 3                                         {product} {ergonomic}
     uint ConcGCThreads                            = 1                                         {product} {ergonomic}
     uint G1ConcRefinementThreads                  = 4                                         {product} {ergonomic}
   size_t G1HeapRegionSize                         = 1048576                                   {product} {ergonomic}
    uintx GCDrainStackTargetSize                   = 64                                        {product} {ergonomic}
   size_t InitialHeapSize                          = 67108864                                  {product} {command line}
   size_t MarkStackSize                            = 4194304                                   {product} {ergonomic}
   size_t MaxHeapSize                              = 67108864                                  {product} {command line}
   size_t MaxNewSize                               = 39845888                                  {product} {ergonomic}
   size_t MinHeapDeltaBytes                        = 1048576                                   {product} {ergonomic}
    uintx NonNMethodCodeHeapSize                   = 5830732                                {pd product} {ergonomic}
    uintx NonProfiledCodeHeapSize                  = 122913754                              {pd product} {ergonomic}
    uintx ProfiledCodeHeapSize                     = 122913754                              {pd product} {ergonomic}
    uintx ReservedCodeCacheSize                    = 251658240                              {pd product} {ergonomic}
     bool SegmentedCodeCache                       = true                                      {product} {ergonomic}
     bool UseCompressedClassPointers               = true                                 {lp64_product} {ergonomic}
     bool UseCompressedOops                        = true                                 {lp64_product} {ergonomic}
     bool UseG1GC                                  = true                                      {product} {ergonomic}
     bool UseLargePagesIndividualAllocation        = false                                  {pd product} {ergonomic}

Logging:
Log output configuration:
 #0: stdout all=warning uptime,level,tags
 #1: stderr all=off uptime,level,tags

Environment Variables:
JAVA_HOME=C:\Program Files\Java\jdk-11.0.18.10-hotspot
CLASSPATH=C:\Users\binda\Downloads\RN_Cli_Muplay-main 2\RN_Cli_Muplay-main\android\\gradle\wrapper\gradle-wrapper.jar
PATH=C:\Users\binda\Downloads\RN_Cli_Muplay-main 2\RN_Cli_Muplay-main\android\node_modules\.bin;C:\Users\binda\Downloads\RN_Cli_Muplay-main 2\RN_Cli_Muplay-main\node_modules\.bin;C:\Users\binda\Downloads\RN_Cli_Muplay-main 2\node_modules\.bin;C:\Users\binda\Downloads\node_modules\.bin;C:\Users\binda\node_modules\.bin;C:\Users\node_modules\.bin;C:\node_modules\.bin;C:\Program Files\nodejs;C:\Users\binda\Downloads\RN_Cli_Muplay-main 2\RN_Cli_Muplay-main\node_modules\.bin;C:\Users\binda\Downloads\RN_Cli_Muplay-main 2\node_modules\.bin;C:\Users\binda\Downloads\node_modules\.bin;C:\Users\binda\node_modules\.bin;C:\Users\node_modules\.bin;C:\node_modules\.bin;C:\Program Files\nodejs\node_modules\npm\node_modules\@npmcli\run-script\lib\node-gyp-bin;C:\Python311\Scripts\;C:\Python311\;C:\Windows\system32;C:\Windows;C:\Windows\System32\Wbem;C:\Windows\System32\WindowsPowerShell\v1.0\;C:\Windows\System32\OpenSSH\;D:\xampp\php;C:\ProgramData\ComposerSetup\bin;C:\Program Files\Git\cmd;C:\Program Files\Java\jdk-18.0.1.1\bin;D:\xampp\xampp\php;C:\ProgramData\chocolatey\bin;C:\Program Files\Java\jdk-18.0.1.1\bin;C:\Program Files\nodejs\;C:\Program Files\Java\jdk-11.0.18.10-hotspot\bin;C:\Users\binda\AppData\Local\Microsoft\WindowsApps;C:\Users\binda\AppData\Local\Programs\Microsoft VS Code\bin;C:\Users\binda\AppData\Roaming\Composer\vendor\bin;C:\Users\binda\AppData\Local\Android\Sdk\platform-tools;C:\Users\binda\AppData\Roaming\npm
USERNAME=LevonoL430
OS=Windows_NT
PROCESSOR_IDENTIFIER=Intel64 Family 6 Model 42 Stepping 7, GenuineIntel
TMP=C:\Users\binda\AppData\Local\Temp
TEMP=C:\Users\binda\AppData\Local\Temp



---------------  S Y S T E M  ---------------

OS: Windows 10 , 64 bit Build 19041 (10.0.19041.1889)
OS uptime: 1 days 0:23 hours

CPU:total 4 (initial active 4) (2 cores per cpu, 2 threads per core) family 6 model 42 stepping 7 microcode 0x2f, cmov, cx8, fxsr, mmx, sse, sse2, sse3, ssse3, sse4.1, sse4.2, popcnt, avx, aes, clmul, ht, tsc, tscinvbit

Memory: 4k page, system-wide physical 3921M (370M free)
TotalPageFile size 7693M (AvailPageFile size 3M)
current process WorkingSet (physical memory assigned to process): 81M, peak: 81M
current process commit charge ("private bytes"): 155M, peak: 155M

vm_info: OpenJDK 64-Bit Server VM (11.0.18+10-LTS) for windows-amd64 JRE (11.0.18+10-LTS), built on Jan 18 2023 15:56:47 by "MicrosoftCorporation" with MS VC++ 15.9 (VS2017)

END.
