#
# There is insufficient memory for the Java Runtime Environment to continue.
# Native memory allocation (malloc) failed to allocate 983616 bytes for Chunk::new
# Possible reasons:
#   The system is out of physical RAM or swap space
#   The process is running with CompressedOops enabled, and the Java Heap may be blocking the growth of the native heap
# Possible solutions:
#   Reduce memory load on the system
#   Increase physical memory or swap space
#   Check if swap backing store is full
#   Decrease Java heap size (-Xmx/-Xms)
#   Decrease number of Java threads
#   Decrease Java thread stack sizes (-Xss)
#   Set larger code cache with -XX:ReservedCodeCacheSize=
#   JVM is running with Unscaled Compressed Oops mode in which the Java heap is
#     placed in the first 4GB address space. The Java Heap base address is the
#     maximum limit for the native heap growth. Please use -XX:HeapBaseMinAddress
#     to set the Java Heap base and to place the Java Heap above 4GB virtual address.
# This output file may be truncated or incomplete.
#
#  Out of Memory Error (./src/hotspot/share/memory/arena.cpp:197), pid=7464, tid=6924
#
# JRE version: OpenJDK Runtime Environment Microsoft-7208460 (11.0.18+10) (build 11.0.18+10-LTS)
# Java VM: OpenJDK 64-Bit Server VM Microsoft-7208460 (11.0.18+10-LTS, mixed mode, tiered, compressed oops, g1 gc, windows-amd64)
# No core dump will be written. Minidumps are not enabled by default on client versions of Windows
#

---------------  S U M M A R Y ------------

Command Line: -XX:MaxMetaspaceSize=512m --add-opens=java.base/java.util=ALL-UNNAMED --add-opens=java.base/java.lang=ALL-UNNAMED --add-opens=java.base/java.lang.invoke=ALL-UNNAMED --add-opens=java.base/java.util=ALL-UNNAMED --add-opens=java.prefs/java.util.prefs=ALL-UNNAMED --add-opens=java.prefs/java.util.prefs=ALL-UNNAMED --add-opens=java.base/java.nio.charset=ALL-UNNAMED --add-opens=java.base/java.net=ALL-UNNAMED --add-opens=java.base/java.util.concurrent.atomic=ALL-UNNAMED -Xmx2048m -Dfile.encoding=windows-1252 -Duser.country=IN -Duser.language=en -Duser.variant org.gradle.launcher.daemon.bootstrap.GradleDaemon 7.5.1

Host: Intel(R) Core(TM) i5-2520M CPU @ 2.50GHz, 4 cores, 3G,  Windows 10 , 64 bit Build 19041 (10.0.19041.1889)
Time: Wed Mar 22 13:00:59 2023 India Standard Time elapsed time: 56.775486 seconds (0d 0h 0m 56s)

---------------  T H R E A D  ---------------

Current thread (0x0000024070785000):  JavaThread "C2 CompilerThread0" daemon [_thread_in_native, id=6924, stack(0x000000e6a4400000,0x000000e6a4500000)]


Current CompileTask:
C2:  56775 13653       4       sun.reflect.annotation.AnnotationParser$1::run (5 bytes)

Stack: [0x000000e6a4400000,0x000000e6a4500000]
Native frames: (J=compiled Java code, j=interpreted, Vv=VM code, C=native code)
V  [jvm.dll+0x62bf8a]
V  [jvm.dll+0x7b8fb9]
V  [jvm.dll+0x7ba6a8]
V  [jvm.dll+0x7bad83]
V  [jvm.dll+0x250248]
V  [jvm.dll+0xc260c]
V  [jvm.dll+0xc2bcc]
V  [jvm.dll+0x2c4e64]
V  [jvm.dll+0x533dcc]
V  [jvm.dll+0x21177b]
V  [jvm.dll+0x20b39a]
V  [jvm.dll+0x2083eb]
V  [jvm.dll+0x18a4b1]
V  [jvm.dll+0x217eec]
V  [jvm.dll+0x21612b]
V  [jvm.dll+0x77bac0]
V  [jvm.dll+0x7749f4]
V  [jvm.dll+0x62adf5]
C  [ucrtbase.dll+0x21bb2]
C  [KERNEL32.DLL+0x17034]
C  [ntdll.dll+0x52651]


---------------  P R O C E S S  ---------------

Threads class SMR info:
_java_thread_list=0x0000024079ba9210, length=87, elements={
0x00000240516f9800, 0x0000024070717800, 0x0000024070721800, 0x000002407077c000,
0x000002407077e000, 0x0000024070781800, 0x0000024070785000, 0x000002407078a000,
0x000002407078c000, 0x00000240709eb000, 0x000002407207f800, 0x0000024073083800,
0x0000024071c38000, 0x00000240734c2000, 0x00000240734c3000, 0x000002407297f800,
0x00000240719af800, 0x0000024072b28800, 0x0000024071fa2800, 0x0000024073c46800,
0x0000024071be2800, 0x0000024071be5000, 0x0000024071be1000, 0x0000024071be0800,
0x0000024071be3800, 0x0000024071be4800, 0x0000024071be2000, 0x0000024071bdf800,
0x0000024071be6000, 0x0000024073437800, 0x0000024073438800, 0x0000024073439000,
0x000002407343b000, 0x0000024073443000, 0x000002407343f000, 0x000002407343f800,
0x000002407343d800, 0x0000024073440800, 0x000002407343e000, 0x0000024073441800,
0x0000024073444000, 0x0000024073444800, 0x0000024076d31800, 0x0000024076d30800,
0x0000024076d2e800, 0x0000024076d34000, 0x0000024076d2f000, 0x0000024076d32800,
0x0000024076d30000, 0x0000024076d35000, 0x0000024076d36800, 0x0000024076d35800,
0x0000024076d39000, 0x0000024076d37800, 0x0000024076d33000, 0x0000024076d39800,
0x0000024076d3a800, 0x0000024076d3c000, 0x0000024076d3b800, 0x0000024076d3d000,
0x0000024076d38000, 0x00000240761db800, 0x00000240761da800, 0x00000240761e0800,
0x00000240761e1000, 0x00000240761dc000, 0x00000240761df800, 0x00000240761de000,
0x00000240761e2000, 0x00000240761de800, 0x00000240761e3000, 0x00000240761dd000,
0x00000240761e7000, 0x00000240761e7800, 0x00000240761e6000, 0x00000240761e8800,
0x00000240761e3800, 0x00000240761e4800, 0x00000240761e5000, 0x000002407473f800,
0x0000024074743800, 0x0000024074742000, 0x0000024074743000, 0x000002407473f000,
0x0000024074740800, 0x000002407473e000, 0x00000240736d6000
}

Java Threads: ( => current thread )
  0x00000240516f9800 JavaThread "main" [_thread_blocked, id=2144, stack(0x000000e6a3800000,0x000000e6a3900000)]
  0x0000024070717800 JavaThread "Reference Handler" daemon [_thread_blocked, id=12680, stack(0x000000e6a3f00000,0x000000e6a4000000)]
  0x0000024070721800 JavaThread "Finalizer" daemon [_thread_blocked, id=7412, stack(0x000000e6a4000000,0x000000e6a4100000)]
  0x000002407077c000 JavaThread "Signal Dispatcher" daemon [_thread_blocked, id=10672, stack(0x000000e6a4100000,0x000000e6a4200000)]
  0x000002407077e000 JavaThread "Attach Listener" daemon [_thread_blocked, id=7968, stack(0x000000e6a4200000,0x000000e6a4300000)]
  0x0000024070781800 JavaThread "Service Thread" daemon [_thread_blocked, id=7220, stack(0x000000e6a4300000,0x000000e6a4400000)]
=>0x0000024070785000 JavaThread "C2 CompilerThread0" daemon [_thread_in_native, id=6924, stack(0x000000e6a4400000,0x000000e6a4500000)]
  0x000002407078a000 JavaThread "C1 CompilerThread0" daemon [_thread_blocked, id=9856, stack(0x000000e6a4500000,0x000000e6a4600000)]
  0x000002407078c000 JavaThread "Sweeper thread" daemon [_thread_blocked, id=796, stack(0x000000e6a4600000,0x000000e6a4700000)]
  0x00000240709eb000 JavaThread "Common-Cleaner" daemon [_thread_blocked, id=12696, stack(0x000000e6a4700000,0x000000e6a4800000)]
  0x000002407207f800 JavaThread "Daemon health stats" [_thread_blocked, id=9968, stack(0x000000e6a4b00000,0x000000e6a4c00000)]
  0x0000024073083800 JavaThread "Incoming local TCP Connector on port 57097" [_thread_in_native, id=7408, stack(0x000000e6a4900000,0x000000e6a4a00000)]
  0x0000024071c38000 JavaThread "Daemon periodic checks" [_thread_blocked, id=432, stack(0x000000e6a4c00000,0x000000e6a4d00000)]
  0x00000240734c2000 JavaThread "Daemon" [_thread_blocked, id=9116, stack(0x000000e6a4d00000,0x000000e6a4e00000)]
  0x00000240734c3000 JavaThread "Handler for socket connection from /127.0.0.1:57097 to /127.0.0.1:57098" [_thread_in_native, id=11044, stack(0x000000e6a4e00000,0x000000e6a4f00000)]
  0x000002407297f800 JavaThread "Cancel handler" [_thread_blocked, id=7616, stack(0x000000e6a4f00000,0x000000e6a5000000)]
  0x00000240719af800 JavaThread "Daemon worker" [_thread_in_Java, id=5908, stack(0x000000e6a5000000,0x000000e6a5100000)]
  0x0000024072b28800 JavaThread "Asynchronous log dispatcher for DefaultDaemonConnection: socket connection from /127.0.0.1:57097 to /127.0.0.1:57098" [_thread_blocked, id=844, stack(0x000000e6a5100000,0x000000e6a5200000)]
  0x0000024071fa2800 JavaThread "Stdin handler" [_thread_blocked, id=2388, stack(0x000000e6a5200000,0x000000e6a5300000)]
  0x0000024073c46800 JavaThread "Daemon client event forwarder" [_thread_blocked, id=9664, stack(0x000000e6a5300000,0x000000e6a5400000)]
  0x0000024071be2800 JavaThread "Cache worker for journal cache (C:\Users\binda\.gradle\caches\journal-1)" [_thread_blocked, id=5496, stack(0x000000e6a5500000,0x000000e6a5600000)]
  0x0000024071be5000 JavaThread "File lock request listener" [_thread_in_native, id=1112, stack(0x000000e6a5800000,0x000000e6a5900000)]
  0x0000024071be1000 JavaThread "Cache worker for file hash cache (C:\Users\binda\.gradle\caches\7.5.1\fileHashes)" [_thread_blocked, id=12164, stack(0x000000e6a5400000,0x000000e6a5500000)]
  0x0000024071be0800 JavaThread "File watcher server" daemon [_thread_in_native, id=7436, stack(0x000000e6a5a00000,0x000000e6a5b00000)]
  0x0000024071be3800 JavaThread "File watcher consumer" daemon [_thread_blocked, id=13152, stack(0x000000e6a5b00000,0x000000e6a5c00000)]
  0x0000024071be4800 JavaThread "Cache worker for checksums cache (D:\RN_Cli_Muplay\android\.gradle\7.5.1\checksums)" [_thread_blocked, id=3744, stack(0x000000e6a5900000,0x000000e6a5a00000)]
  0x0000024071be2000 JavaThread "Cache worker for cache directory md-rule (C:\Users\binda\.gradle\caches\7.5.1\md-rule)" [_thread_blocked, id=9024, stack(0x000000e6a5c00000,0x000000e6a5d00000)]
  0x0000024071bdf800 JavaThread "Cache worker for file content cache (C:\Users\binda\.gradle\caches\7.5.1\fileContent)" [_thread_blocked, id=11228, stack(0x000000e6a5d00000,0x000000e6a5e00000)]
  0x0000024071be6000 JavaThread "Cache worker for file hash cache (D:\RN_Cli_Muplay\android\.gradle\7.5.1\fileHashes)" [_thread_blocked, id=8044, stack(0x000000e6a5f00000,0x000000e6a6000000)]
  0x0000024073437800 JavaThread "Cache worker for cache directory md-supplier (C:\Users\binda\.gradle\caches\7.5.1\md-supplier)" [_thread_blocked, id=2344, stack(0x000000e6a6000000,0x000000e6a6100000)]
  0x0000024073438800 JavaThread "Cache worker for execution history cache (C:\Users\binda\.gradle\caches\7.5.1\executionHistory)" [_thread_blocked, id=8856, stack(0x000000e6a6100000,0x000000e6a6200000)]
  0x0000024073439000 JavaThread "jar transforms" [_thread_blocked, id=3304, stack(0x000000e6a6200000,0x000000e6a6300000)]
  0x000002407343b000 JavaThread "jar transforms Thread 2" [_thread_blocked, id=12720, stack(0x000000e6a6300000,0x000000e6a6400000)]
  0x0000024073443000 JavaThread "jar transforms Thread 3" [_thread_blocked, id=4764, stack(0x000000e6a6400000,0x000000e6a6500000)]
  0x000002407343f000 JavaThread "jar transforms Thread 4" [_thread_blocked, id=9604, stack(0x000000e6a6500000,0x000000e6a6600000)]
  0x000002407343f800 JavaThread "Cache worker for kotlin-dsl (C:\Users\binda\.gradle\caches\7.5.1\kotlin-dsl)" [_thread_blocked, id=4616, stack(0x000000e6a6600000,0x000000e6a6700000)]
  0x000002407343d800 JavaThread "Cache worker for dependencies-accessors (D:\RN_Cli_Muplay\android\.gradle\7.5.1\dependencies-accessors)" [_thread_blocked, id=8104, stack(0x000000e6a6700000,0x000000e6a6800000)]
  0x0000024073440800 JavaThread "Cache worker for Build Output Cleanup Cache (D:\RN_Cli_Muplay\node_modules\react-native-gradle-plugin\.gradle\buildOutputCleanup)" [_thread_blocked, id=4716, stack(0x000000e6a6800000,0x000000e6a6900000)]
  0x000002407343e000 JavaThread "Unconstrained build operations" [_thread_blocked, id=7776, stack(0x000000e6a6900000,0x000000e6a6a00000)]
  0x0000024073441800 JavaThread "Unconstrained build operations Thread 2" [_thread_blocked, id=12740, stack(0x000000e6a6a00000,0x000000e6a6b00000)]
  0x0000024073444000 JavaThread "Unconstrained build operations Thread 3" [_thread_blocked, id=10072, stack(0x000000e6a6b00000,0x000000e6a6c00000)]
  0x0000024073444800 JavaThread "Unconstrained build operations Thread 4" [_thread_blocked, id=3308, stack(0x000000e6a6c00000,0x000000e6a6d00000)]
  0x0000024076d31800 JavaThread "Unconstrained build operations Thread 5" [_thread_blocked, id=9784, stack(0x000000e6a6d00000,0x000000e6a6e00000)]
  0x0000024076d30800 JavaThread "Unconstrained build operations Thread 6" [_thread_blocked, id=9240, stack(0x000000e6a6e00000,0x000000e6a6f00000)]
  0x0000024076d2e800 JavaThread "Unconstrained build operations Thread 7" [_thread_blocked, id=5308, stack(0x000000e6a6f00000,0x000000e6a7000000)]
  0x0000024076d34000 JavaThread "Unconstrained build operations Thread 8" [_thread_blocked, id=3896, stack(0x000000e6a7000000,0x000000e6a7100000)]
  0x0000024076d2f000 JavaThread "Unconstrained build operations Thread 9" [_thread_blocked, id=1600, stack(0x000000e6a7100000,0x000000e6a7200000)]
  0x0000024076d32800 JavaThread "Unconstrained build operations Thread 10" [_thread_blocked, id=3672, stack(0x000000e6a7200000,0x000000e6a7300000)]
  0x0000024076d30000 JavaThread "Unconstrained build operations Thread 11" [_thread_blocked, id=1720, stack(0x000000e6a7300000,0x000000e6a7400000)]
  0x0000024076d35000 JavaThread "Unconstrained build operations Thread 12" [_thread_blocked, id=800, stack(0x000000e6a7400000,0x000000e6a7500000)]
  0x0000024076d36800 JavaThread "Unconstrained build operations Thread 13" [_thread_blocked, id=9248, stack(0x000000e6a7500000,0x000000e6a7600000)]
  0x0000024076d35800 JavaThread "Unconstrained build operations Thread 14" [_thread_blocked, id=6972, stack(0x000000e6a7600000,0x000000e6a7700000)]
  0x0000024076d39000 JavaThread "Unconstrained build operations Thread 15" [_thread_blocked, id=12744, stack(0x000000e6a7700000,0x000000e6a7800000)]
  0x0000024076d37800 JavaThread "Unconstrained build operations Thread 16" [_thread_blocked, id=9200, stack(0x000000e6a7800000,0x000000e6a7900000)]
  0x0000024076d33000 JavaThread "Unconstrained build operations Thread 17" [_thread_blocked, id=12124, stack(0x000000e6a7900000,0x000000e6a7a00000)]
  0x0000024076d39800 JavaThread "Unconstrained build operations Thread 18" [_thread_blocked, id=248, stack(0x000000e6a7a00000,0x000000e6a7b00000)]
  0x0000024076d3a800 JavaThread "Unconstrained build operations Thread 19" [_thread_blocked, id=10588, stack(0x000000e6a7b00000,0x000000e6a7c00000)]
  0x0000024076d3c000 JavaThread "Unconstrained build operations Thread 20" [_thread_blocked, id=5900, stack(0x000000e6a7c00000,0x000000e6a7d00000)]
  0x0000024076d3b800 JavaThread "Unconstrained build operations Thread 21" [_thread_blocked, id=2464, stack(0x000000e6a7d00000,0x000000e6a7e00000)]
  0x0000024076d3d000 JavaThread "Unconstrained build operations Thread 22" [_thread_blocked, id=9844, stack(0x000000e6a7e00000,0x000000e6a7f00000)]
  0x0000024076d38000 JavaThread "Unconstrained build operations Thread 23" [_thread_blocked, id=1040, stack(0x000000e6a7f00000,0x000000e6a8000000)]
  0x00000240761db800 JavaThread "Unconstrained build operations Thread 24" [_thread_blocked, id=6500, stack(0x000000e6a8000000,0x000000e6a8100000)]
  0x00000240761da800 JavaThread "Unconstrained build operations Thread 25" [_thread_blocked, id=644, stack(0x000000e6a8100000,0x000000e6a8200000)]
  0x00000240761e0800 JavaThread "Unconstrained build operations Thread 26" [_thread_blocked, id=6380, stack(0x000000e6a8200000,0x000000e6a8300000)]
  0x00000240761e1000 JavaThread "Unconstrained build operations Thread 27" [_thread_blocked, id=8412, stack(0x000000e6a8300000,0x000000e6a8400000)]
  0x00000240761dc000 JavaThread "Unconstrained build operations Thread 28" [_thread_blocked, id=7476, stack(0x000000e6a8400000,0x000000e6a8500000)]
  0x00000240761df800 JavaThread "Unconstrained build operations Thread 29" [_thread_blocked, id=11712, stack(0x000000e6a8500000,0x000000e6a8600000)]
  0x00000240761de000 JavaThread "Unconstrained build operations Thread 30" [_thread_blocked, id=2588, stack(0x000000e6a8600000,0x000000e6a8700000)]
  0x00000240761e2000 JavaThread "Unconstrained build operations Thread 31" [_thread_blocked, id=7160, stack(0x000000e6a8700000,0x000000e6a8800000)]
  0x00000240761de800 JavaThread "Unconstrained build operations Thread 32" [_thread_blocked, id=7884, stack(0x000000e6a8800000,0x000000e6a8900000)]
  0x00000240761e3000 JavaThread "Unconstrained build operations Thread 33" [_thread_blocked, id=3220, stack(0x000000e6a8900000,0x000000e6a8a00000)]
  0x00000240761dd000 JavaThread "build event listener" [_thread_blocked, id=9324, stack(0x000000e6a8a00000,0x000000e6a8b00000)]
  0x00000240761e7000 JavaThread "Memory manager" [_thread_blocked, id=13104, stack(0x000000e6a8b00000,0x000000e6a8c00000)]
  0x00000240761e7800 JavaThread "Cache worker for Build Output Cleanup Cache (D:\RN_Cli_Muplay\android\.gradle\buildOutputCleanup)" [_thread_blocked, id=1576, stack(0x000000e6a8c00000,0x000000e6a8d00000)]
  0x00000240761e6000 JavaThread "included builds" [_thread_blocked, id=344, stack(0x000000e6a8d00000,0x000000e6a8e00000)]
  0x00000240761e8800 JavaThread "Execution worker" [_thread_blocked, id=2656, stack(0x000000e6a8e00000,0x000000e6a8f00000)]
  0x00000240761e3800 JavaThread "Execution worker Thread 2" [_thread_blocked, id=11348, stack(0x000000e6a8f00000,0x000000e6a9000000)]
  0x00000240761e4800 JavaThread "Execution worker Thread 3" [_thread_blocked, id=10576, stack(0x000000e6a9000000,0x000000e6a9100000)]
  0x00000240761e5000 JavaThread "Cache worker for execution history cache (D:\RN_Cli_Muplay\node_modules\react-native-gradle-plugin\.gradle\7.5.1\executionHistory)" [_thread_blocked, id=8204, stack(0x000000e6a9100000,0x000000e6a9200000)]
  0x000002407473f800 JavaThread "Unconstrained build operations Thread 34" [_thread_blocked, id=5512, stack(0x000000e6a9200000,0x000000e6a9300000)]
  0x0000024074743800 JavaThread "Unconstrained build operations Thread 35" [_thread_blocked, id=2452, stack(0x000000e6a9300000,0x000000e6a9400000)]
  0x0000024074742000 JavaThread "Unconstrained build operations Thread 36" [_thread_blocked, id=5696, stack(0x000000e6a9400000,0x000000e6a9500000)]
  0x0000024074743000 JavaThread "Unconstrained build operations Thread 37" [_thread_blocked, id=4052, stack(0x000000e6a9500000,0x000000e6a9600000)]
  0x000002407473f000 JavaThread "Unconstrained build operations Thread 38" [_thread_blocked, id=11072, stack(0x000000e6a9600000,0x000000e6a9700000)]
  0x0000024074740800 JavaThread "Unconstrained build operations Thread 39" [_thread_blocked, id=11400, stack(0x000000e6a9700000,0x000000e6a9800000)]
  0x000002407473e000 JavaThread "Unconstrained build operations Thread 40" [_thread_blocked, id=1208, stack(0x000000e6a9800000,0x000000e6a9900000)]
  0x00000240736d6000 JavaThread "C2 CompilerThread1" daemon [_thread_in_native, id=12364, stack(0x000000e6a5e00000,0x000000e6a5f00000)]

Other Threads:
  0x0000024070715800 VMThread "VM Thread" [stack: 0x000000e6a3e00000,0x000000e6a3f00000] [id=5592]
  0x0000024070a05000 WatcherThread [stack: 0x000000e6a4800000,0x000000e6a4900000] [id=5896]
  0x0000024051711800 GCTaskThread "GC Thread#0" [stack: 0x000000e6a3900000,0x000000e6a3a00000] [id=6376]
  0x00000240712e5000 GCTaskThread "GC Thread#1" [stack: 0x000000e6a4a00000,0x000000e6a4b00000] [id=4324]
  0x0000024072d4a800 GCTaskThread "GC Thread#2" [stack: 0x000000e6a5600000,0x000000e6a5700000] [id=9560]
  0x0000024071e1e800 GCTaskThread "GC Thread#3" [stack: 0x000000e6a5700000,0x000000e6a5800000] [id=10176]
  0x0000024051744800 ConcurrentGCThread "G1 Main Marker" [stack: 0x000000e6a3a00000,0x000000e6a3b00000] [id=11580]
  0x0000024051745800 ConcurrentGCThread "G1 Conc#0" [stack: 0x000000e6a3b00000,0x000000e6a3c00000] [id=6916]
  0x000002405179f800 ConcurrentGCThread "G1 Refine#0" [stack: 0x000000e6a3c00000,0x000000e6a3d00000] [id=11368]
  0x00000240517a1800 ConcurrentGCThread "G1 Young RemSet Sampling" [stack: 0x000000e6a3d00000,0x000000e6a3e00000] [id=12168]

Threads with active compile tasks:
C2 CompilerThread0    56865 13653       4       sun.reflect.annotation.AnnotationParser$1::run (5 bytes)
C2 CompilerThread1    56865 13654       4       sun.reflect.annotation.AnnotationParser$1::run (40 bytes)

VM state:not at safepoint (normal execution)

VM Mutex/Monitor currently owned by a thread: None

Heap address: 0x0000000080000000, size: 2048 MB, Compressed Oops mode: 32-bit
Narrow klass base: 0x0000000000000000, Narrow klass shift: 3
Compressed class space size: 528482304 Address: 0x0000000100000000

Heap:
 garbage-first heap   total 248832K, used 157251K [0x0000000080000000, 0x0000000100000000)
  region size 1024K, 8 young (8192K), 6 survivors (6144K)
 Metaspace       used 113606K, capacity 117420K, committed 117456K, reserved 618496K
  class space    used 14760K, capacity 16174K, committed 16204K, reserved 516096K
Heap Regions: E=young(eden), S=young(survivor), O=old, HS=humongous(starts), HC=humongous(continues), CS=collection set, F=free, A=archive, TAMS=top-at-mark-start (previous, next)
|   0|0x0000000080000000, 0x0000000080100000, 0x0000000080100000|100%|HS|  |TAMS 0x0000000080100000, 0x0000000080000000| Complete 
|   1|0x0000000080100000, 0x0000000080200000, 0x0000000080200000|100%|HC|  |TAMS 0x0000000080200000, 0x0000000080100000| Complete 
|   2|0x0000000080200000, 0x0000000080300000, 0x0000000080300000|100%|HC|  |TAMS 0x0000000080300000, 0x0000000080200000| Complete 
|   3|0x0000000080300000, 0x0000000080400000, 0x0000000080400000|100%| O|  |TAMS 0x0000000080400000, 0x0000000080300000| Untracked 
|   4|0x0000000080400000, 0x0000000080500000, 0x0000000080500000|100%| O|  |TAMS 0x0000000080500000, 0x0000000080400000| Untracked 
|   5|0x0000000080500000, 0x0000000080600000, 0x0000000080600000|100%| O|  |TAMS 0x0000000080600000, 0x0000000080500000| Untracked 
|   6|0x0000000080600000, 0x0000000080700000, 0x0000000080700000|100%| O|  |TAMS 0x0000000080700000, 0x0000000080600000| Untracked 
|   7|0x0000000080700000, 0x0000000080800000, 0x0000000080800000|100%| O|  |TAMS 0x0000000080800000, 0x0000000080700000| Untracked 
|   8|0x0000000080800000, 0x0000000080900000, 0x0000000080900000|100%| O|  |TAMS 0x0000000080900000, 0x0000000080800000| Untracked 
|   9|0x0000000080900000, 0x0000000080a00000, 0x0000000080a00000|100%| O|  |TAMS 0x0000000080a00000, 0x0000000080900000| Untracked 
|  10|0x0000000080a00000, 0x0000000080b00000, 0x0000000080b00000|100%| O|  |TAMS 0x0000000080b00000, 0x0000000080a00000| Untracked 
|  11|0x0000000080b00000, 0x0000000080c00000, 0x0000000080c00000|100%| O|  |TAMS 0x0000000080c00000, 0x0000000080b00000| Untracked 
|  12|0x0000000080c00000, 0x0000000080d00000, 0x0000000080d00000|100%| O|  |TAMS 0x0000000080d00000, 0x0000000080c00000| Untracked 
|  13|0x0000000080d00000, 0x0000000080e00000, 0x0000000080e00000|100%| O|  |TAMS 0x0000000080e00000, 0x0000000080d00000| Untracked 
|  14|0x0000000080e00000, 0x0000000080f00000, 0x0000000080f00000|100%| O|  |TAMS 0x0000000080f00000, 0x0000000080e00000| Untracked 
|  15|0x0000000080f00000, 0x0000000081000000, 0x0000000081000000|100%| O|  |TAMS 0x0000000081000000, 0x0000000080f00000| Untracked 
|  16|0x0000000081000000, 0x0000000081100000, 0x0000000081100000|100%| O|  |TAMS 0x0000000081100000, 0x0000000081000000| Untracked 
|  17|0x0000000081100000, 0x0000000081200000, 0x0000000081200000|100%| O|  |TAMS 0x0000000081200000, 0x0000000081100000| Untracked 
|  18|0x0000000081200000, 0x0000000081300000, 0x0000000081300000|100%| O|  |TAMS 0x0000000081300000, 0x0000000081200000| Untracked 
|  19|0x0000000081300000, 0x0000000081400000, 0x0000000081400000|100%| O|  |TAMS 0x0000000081400000, 0x0000000081300000| Untracked 
|  20|0x0000000081400000, 0x0000000081500000, 0x0000000081500000|100%| O|  |TAMS 0x0000000081500000, 0x0000000081400000| Untracked 
|  21|0x0000000081500000, 0x0000000081600000, 0x0000000081600000|100%| O|  |TAMS 0x0000000081600000, 0x0000000081500000| Untracked 
|  22|0x0000000081600000, 0x0000000081700000, 0x0000000081700000|100%| O|  |TAMS 0x0000000081700000, 0x0000000081600000| Untracked 
|  23|0x0000000081700000, 0x0000000081800000, 0x0000000081800000|100%| O|  |TAMS 0x0000000081800000, 0x0000000081700000| Untracked 
|  24|0x0000000081800000, 0x0000000081900000, 0x0000000081900000|100%| O|  |TAMS 0x0000000081900000, 0x0000000081800000| Untracked 
|  25|0x0000000081900000, 0x0000000081a00000, 0x0000000081a00000|100%| O|  |TAMS 0x0000000081a00000, 0x0000000081900000| Untracked 
|  26|0x0000000081a00000, 0x0000000081b00000, 0x0000000081b00000|100%| O|  |TAMS 0x0000000081b00000, 0x0000000081a00000| Untracked 
|  27|0x0000000081b00000, 0x0000000081c00000, 0x0000000081c00000|100%| O|  |TAMS 0x0000000081c00000, 0x0000000081b00000| Untracked 
|  28|0x0000000081c00000, 0x0000000081d00000, 0x0000000081d00000|100%| O|  |TAMS 0x0000000081d00000, 0x0000000081c00000| Untracked 
|  29|0x0000000081d00000, 0x0000000081e00000, 0x0000000081e00000|100%| O|  |TAMS 0x0000000081e00000, 0x0000000081d00000| Untracked 
|  30|0x0000000081e00000, 0x0000000081f00000, 0x0000000081f00000|100%| O|  |TAMS 0x0000000081f00000, 0x0000000081e00000| Untracked 
|  31|0x0000000081f00000, 0x0000000082000000, 0x0000000082000000|100%|HS|  |TAMS 0x0000000082000000, 0x0000000081f00000| Complete 
|  32|0x0000000082000000, 0x0000000082100000, 0x0000000082100000|100%| O|  |TAMS 0x0000000082100000, 0x0000000082000000| Untracked 
|  33|0x0000000082100000, 0x0000000082200000, 0x0000000082200000|100%|HS|  |TAMS 0x0000000082200000, 0x0000000082100000| Complete 
|  34|0x0000000082200000, 0x0000000082300000, 0x0000000082300000|100%|HC|  |TAMS 0x0000000082300000, 0x0000000082200000| Complete 
|  35|0x0000000082300000, 0x0000000082400000, 0x0000000082400000|100%|HC|  |TAMS 0x0000000082400000, 0x0000000082300000| Complete 
|  36|0x0000000082400000, 0x0000000082500000, 0x0000000082500000|100%| O|  |TAMS 0x0000000082500000, 0x0000000082400000| Untracked 
|  37|0x0000000082500000, 0x0000000082600000, 0x0000000082600000|100%| O|  |TAMS 0x0000000082600000, 0x0000000082500000| Untracked 
|  38|0x0000000082600000, 0x0000000082700000, 0x0000000082700000|100%| O|  |TAMS 0x0000000082700000, 0x0000000082600000| Untracked 
|  39|0x0000000082700000, 0x0000000082800000, 0x0000000082800000|100%| O|  |TAMS 0x0000000082800000, 0x0000000082700000| Untracked 
|  40|0x0000000082800000, 0x0000000082900000, 0x0000000082900000|100%| O|  |TAMS 0x0000000082900000, 0x0000000082800000| Untracked 
|  41|0x0000000082900000, 0x0000000082a00000, 0x0000000082a00000|100%| O|  |TAMS 0x0000000082a00000, 0x0000000082900000| Untracked 
|  42|0x0000000082a00000, 0x0000000082b00000, 0x0000000082b00000|100%| O|  |TAMS 0x0000000082b00000, 0x0000000082a00000| Untracked 
|  43|0x0000000082b00000, 0x0000000082c00000, 0x0000000082c00000|100%| O|  |TAMS 0x0000000082c00000, 0x0000000082b00000| Untracked 
|  44|0x0000000082c00000, 0x0000000082d00000, 0x0000000082d00000|100%| O|  |TAMS 0x0000000082d00000, 0x0000000082c00000| Untracked 
|  45|0x0000000082d00000, 0x0000000082e00000, 0x0000000082e00000|100%| O|  |TAMS 0x0000000082e00000, 0x0000000082d00000| Untracked 
|  46|0x0000000082e00000, 0x0000000082f00000, 0x0000000082f00000|100%| O|  |TAMS 0x0000000082f00000, 0x0000000082e00000| Untracked 
|  47|0x0000000082f00000, 0x0000000083000000, 0x0000000083000000|100%| O|  |TAMS 0x0000000083000000, 0x0000000082f00000| Untracked 
|  48|0x0000000083000000, 0x0000000083100000, 0x0000000083100000|100%| O|  |TAMS 0x0000000083100000, 0x0000000083000000| Untracked 
|  49|0x0000000083100000, 0x0000000083200000, 0x0000000083200000|100%| O|  |TAMS 0x0000000083200000, 0x0000000083100000| Untracked 
|  50|0x0000000083200000, 0x0000000083300000, 0x0000000083300000|100%| O|  |TAMS 0x0000000083300000, 0x0000000083200000| Untracked 
|  51|0x0000000083300000, 0x0000000083400000, 0x0000000083400000|100%| O|  |TAMS 0x0000000083400000, 0x0000000083300000| Untracked 
|  52|0x0000000083400000, 0x0000000083500000, 0x0000000083500000|100%| O|  |TAMS 0x0000000083500000, 0x0000000083400000| Untracked 
|  53|0x0000000083500000, 0x0000000083600000, 0x0000000083600000|100%| O|  |TAMS 0x0000000083600000, 0x0000000083500000| Untracked 
|  54|0x0000000083600000, 0x0000000083700000, 0x0000000083700000|100%| O|  |TAMS 0x0000000083700000, 0x0000000083600000| Untracked 
|  55|0x0000000083700000, 0x0000000083800000, 0x0000000083800000|100%| O|  |TAMS 0x0000000083800000, 0x0000000083700000| Untracked 
|  56|0x0000000083800000, 0x0000000083900000, 0x0000000083900000|100%|HS|  |TAMS 0x0000000083900000, 0x0000000083800000| Complete 
|  57|0x0000000083900000, 0x0000000083a00000, 0x0000000083a00000|100%|HS|  |TAMS 0x0000000083a00000, 0x0000000083900000| Complete 
|  58|0x0000000083a00000, 0x0000000083b00000, 0x0000000083b00000|100%| O|  |TAMS 0x0000000083b00000, 0x0000000083a00000| Untracked 
|  59|0x0000000083b00000, 0x0000000083c00000, 0x0000000083c00000|100%| O|  |TAMS 0x0000000083c00000, 0x0000000083b00000| Untracked 
|  60|0x0000000083c00000, 0x0000000083d00000, 0x0000000083d00000|100%| O|  |TAMS 0x0000000083d00000, 0x0000000083c00000| Untracked 
|  61|0x0000000083d00000, 0x0000000083e00000, 0x0000000083e00000|100%| O|  |TAMS 0x0000000083e00000, 0x0000000083d00000| Untracked 
|  62|0x0000000083e00000, 0x0000000083f00000, 0x0000000083f00000|100%|HS|  |TAMS 0x0000000083f00000, 0x0000000083e00000| Complete 
|  63|0x0000000083f00000, 0x0000000084000000, 0x0000000084000000|100%|HC|  |TAMS 0x0000000084000000, 0x0000000083f00000| Complete 
|  64|0x0000000084000000, 0x0000000084100000, 0x0000000084100000|100%| O|  |TAMS 0x0000000084100000, 0x0000000084000000| Untracked 
|  65|0x0000000084100000, 0x0000000084200000, 0x0000000084200000|100%| O|  |TAMS 0x0000000084200000, 0x0000000084100000| Untracked 
|  66|0x0000000084200000, 0x0000000084300000, 0x0000000084300000|100%| O|  |TAMS 0x0000000084300000, 0x0000000084200000| Untracked 
|  67|0x0000000084300000, 0x0000000084400000, 0x0000000084400000|100%| O|  |TAMS 0x0000000084400000, 0x0000000084300000| Untracked 
|  68|0x0000000084400000, 0x0000000084500000, 0x0000000084500000|100%| O|  |TAMS 0x0000000084500000, 0x0000000084400000| Untracked 
|  69|0x0000000084500000, 0x0000000084600000, 0x0000000084600000|100%| O|  |TAMS 0x0000000084600000, 0x0000000084500000| Untracked 
|  70|0x0000000084600000, 0x0000000084700000, 0x0000000084700000|100%| O|  |TAMS 0x0000000084700000, 0x0000000084600000| Untracked 
|  71|0x0000000084700000, 0x0000000084800000, 0x0000000084800000|100%| O|  |TAMS 0x0000000084800000, 0x0000000084700000| Untracked 
|  72|0x0000000084800000, 0x0000000084900000, 0x0000000084900000|100%| O|  |TAMS 0x0000000084900000, 0x0000000084800000| Untracked 
|  73|0x0000000084900000, 0x0000000084a00000, 0x0000000084a00000|100%| O|  |TAMS 0x0000000084a00000, 0x0000000084900000| Untracked 
|  74|0x0000000084a00000, 0x0000000084b00000, 0x0000000084b00000|100%| O|  |TAMS 0x0000000084b00000, 0x0000000084a00000| Untracked 
|  75|0x0000000084b00000, 0x0000000084c00000, 0x0000000084c00000|100%| O|  |TAMS 0x0000000084c00000, 0x0000000084b00000| Untracked 
|  76|0x0000000084c00000, 0x0000000084d00000, 0x0000000084d00000|100%| O|  |TAMS 0x0000000084d00000, 0x0000000084c00000| Untracked 
|  77|0x0000000084d00000, 0x0000000084e00000, 0x0000000084e00000|100%| O|  |TAMS 0x0000000084e00000, 0x0000000084d00000| Untracked 
|  78|0x0000000084e00000, 0x0000000084f00000, 0x0000000084f00000|100%| O|  |TAMS 0x0000000084f00000, 0x0000000084e00000| Untracked 
|  79|0x0000000084f00000, 0x0000000085000000, 0x0000000085000000|100%| O|  |TAMS 0x0000000085000000, 0x0000000084f00000| Untracked 
|  80|0x0000000085000000, 0x0000000085100000, 0x0000000085100000|100%| O|  |TAMS 0x0000000085100000, 0x0000000085000000| Untracked 
|  81|0x0000000085100000, 0x0000000085200000, 0x0000000085200000|100%| O|  |TAMS 0x0000000085200000, 0x0000000085100000| Untracked 
|  82|0x0000000085200000, 0x0000000085300000, 0x0000000085300000|100%| O|  |TAMS 0x0000000085300000, 0x0000000085200000| Untracked 
|  83|0x0000000085300000, 0x0000000085400000, 0x0000000085400000|100%| O|  |TAMS 0x0000000085400000, 0x0000000085300000| Untracked 
|  84|0x0000000085400000, 0x0000000085500000, 0x0000000085500000|100%| O|  |TAMS 0x0000000085500000, 0x0000000085400000| Untracked 
|  85|0x0000000085500000, 0x0000000085600000, 0x0000000085600000|100%|HS|  |TAMS 0x0000000085600000, 0x0000000085500000| Complete 
|  86|0x0000000085600000, 0x0000000085700000, 0x0000000085700000|100%|HS|  |TAMS 0x0000000085700000, 0x0000000085600000| Complete 
|  87|0x0000000085700000, 0x0000000085800000, 0x0000000085800000|100%|HS|  |TAMS 0x0000000085800000, 0x0000000085700000| Complete 
|  88|0x0000000085800000, 0x0000000085900000, 0x0000000085900000|100%|HS|  |TAMS 0x0000000085900000, 0x0000000085800000| Complete 
|  89|0x0000000085900000, 0x0000000085a00000, 0x0000000085a00000|100%|HC|  |TAMS 0x0000000085a00000, 0x0000000085900000| Complete 
|  90|0x0000000085a00000, 0x0000000085b00000, 0x0000000085b00000|100%|HC|  |TAMS 0x0000000085b00000, 0x0000000085a00000| Complete 
|  91|0x0000000085b00000, 0x0000000085c00000, 0x0000000085c00000|100%| O|  |TAMS 0x0000000085c00000, 0x0000000085b00000| Untracked 
|  92|0x0000000085c00000, 0x0000000085d00000, 0x0000000085d00000|100%| O|  |TAMS 0x0000000085d00000, 0x0000000085c00000| Untracked 
|  93|0x0000000085d00000, 0x0000000085e00000, 0x0000000085e00000|100%| O|  |TAMS 0x0000000085e00000, 0x0000000085d00000| Untracked 
|  94|0x0000000085e00000, 0x0000000085f00000, 0x0000000085f00000|100%| O|  |TAMS 0x0000000085f00000, 0x0000000085e00000| Untracked 
|  95|0x0000000085f00000, 0x0000000086000000, 0x0000000086000000|100%| O|  |TAMS 0x0000000086000000, 0x0000000085f00000| Untracked 
|  96|0x0000000086000000, 0x0000000086100000, 0x0000000086100000|100%| O|  |TAMS 0x0000000086100000, 0x0000000086000000| Untracked 
|  97|0x0000000086100000, 0x0000000086200000, 0x0000000086200000|100%| O|  |TAMS 0x0000000086200000, 0x0000000086100000| Untracked 
|  98|0x0000000086200000, 0x0000000086300000, 0x0000000086300000|100%| O|  |TAMS 0x0000000086300000, 0x0000000086200000| Untracked 
|  99|0x0000000086300000, 0x0000000086400000, 0x0000000086400000|100%| O|  |TAMS 0x0000000086400000, 0x0000000086300000| Untracked 
| 100|0x0000000086400000, 0x0000000086500000, 0x0000000086500000|100%| O|  |TAMS 0x0000000086500000, 0x0000000086400000| Untracked 
| 101|0x0000000086500000, 0x0000000086600000, 0x0000000086600000|100%| O|  |TAMS 0x0000000086600000, 0x0000000086500000| Untracked 
| 102|0x0000000086600000, 0x0000000086700000, 0x0000000086700000|100%| O|  |TAMS 0x0000000086700000, 0x0000000086600000| Untracked 
| 103|0x0000000086700000, 0x0000000086800000, 0x0000000086800000|100%|HS|  |TAMS 0x0000000086800000, 0x0000000086700000| Complete 
| 104|0x0000000086800000, 0x0000000086900000, 0x0000000086900000|100%|HS|  |TAMS 0x0000000086900000, 0x0000000086800000| Complete 
| 105|0x0000000086900000, 0x0000000086a00000, 0x0000000086a00000|100%|HS|  |TAMS 0x0000000086a00000, 0x0000000086900000| Complete 
| 106|0x0000000086a00000, 0x0000000086b00000, 0x0000000086b00000|100%|HC|  |TAMS 0x0000000086b00000, 0x0000000086a00000| Complete 
| 107|0x0000000086b00000, 0x0000000086c00000, 0x0000000086c00000|100%|HC|  |TAMS 0x0000000086c00000, 0x0000000086b00000| Complete 
| 108|0x0000000086c00000, 0x0000000086d00000, 0x0000000086d00000|100%| O|  |TAMS 0x0000000086d00000, 0x0000000086c00000| Untracked 
| 109|0x0000000086d00000, 0x0000000086e00000, 0x0000000086e00000|100%| O|  |TAMS 0x0000000086e00000, 0x0000000086d00000| Untracked 
| 110|0x0000000086e00000, 0x0000000086f00000, 0x0000000086f00000|100%| O|  |TAMS 0x0000000086f00000, 0x0000000086e00000| Untracked 
| 111|0x0000000086f00000, 0x0000000087000000, 0x0000000087000000|100%| O|  |TAMS 0x0000000087000000, 0x0000000086f00000| Untracked 
| 112|0x0000000087000000, 0x0000000087100000, 0x0000000087100000|100%| O|  |TAMS 0x0000000087100000, 0x0000000087000000| Untracked 
| 113|0x0000000087100000, 0x0000000087200000, 0x0000000087200000|100%| O|  |TAMS 0x0000000087200000, 0x0000000087100000| Untracked 
| 114|0x0000000087200000, 0x0000000087300000, 0x0000000087300000|100%| O|  |TAMS 0x0000000087300000, 0x0000000087200000| Untracked 
| 115|0x0000000087300000, 0x0000000087400000, 0x0000000087400000|100%| O|  |TAMS 0x0000000087400000, 0x0000000087300000| Untracked 
| 116|0x0000000087400000, 0x0000000087500000, 0x0000000087500000|100%|HS|  |TAMS 0x0000000087500000, 0x0000000087400000| Complete 
| 117|0x0000000087500000, 0x0000000087600000, 0x0000000087600000|100%|HS|  |TAMS 0x0000000087600000, 0x0000000087500000| Complete 
| 118|0x0000000087600000, 0x0000000087700000, 0x0000000087700000|100%|HC|  |TAMS 0x0000000087700000, 0x0000000087600000| Complete 
| 119|0x0000000087700000, 0x0000000087800000, 0x0000000087800000|100%|HC|  |TAMS 0x0000000087800000, 0x0000000087700000| Complete 
| 120|0x0000000087800000, 0x0000000087900000, 0x0000000087900000|100%| O|  |TAMS 0x0000000087900000, 0x0000000087800000| Untracked 
| 121|0x0000000087900000, 0x0000000087a00000, 0x0000000087a00000|100%| O|  |TAMS 0x0000000087a00000, 0x0000000087900000| Untracked 
| 122|0x0000000087a00000, 0x0000000087b00000, 0x0000000087b00000|100%| O|  |TAMS 0x0000000087b00000, 0x0000000087a00000| Untracked 
| 123|0x0000000087b00000, 0x0000000087c00000, 0x0000000087c00000|100%| O|  |TAMS 0x0000000087c00000, 0x0000000087b00000| Untracked 
| 124|0x0000000087c00000, 0x0000000087d00000, 0x0000000087d00000|100%| O|  |TAMS 0x0000000087d00000, 0x0000000087c00000| Untracked 
| 125|0x0000000087d00000, 0x0000000087e00000, 0x0000000087e00000|100%| O|  |TAMS 0x0000000087e00000, 0x0000000087d00000| Untracked 
| 126|0x0000000087e00000, 0x0000000087f00000, 0x0000000087f00000|100%| O|  |TAMS 0x0000000087f00000, 0x0000000087e00000| Untracked 
| 127|0x0000000087f00000, 0x0000000088000000, 0x0000000088000000|100%| O|  |TAMS 0x0000000088000000, 0x0000000087f00000| Untracked 
| 128|0x0000000088000000, 0x0000000088100000, 0x0000000088100000|100%| O|  |TAMS 0x0000000088100000, 0x0000000088000000| Untracked 
| 129|0x0000000088100000, 0x0000000088200000, 0x0000000088200000|100%| O|  |TAMS 0x0000000088200000, 0x0000000088100000| Untracked 
| 130|0x0000000088200000, 0x0000000088300000, 0x0000000088300000|100%| O|  |TAMS 0x0000000088300000, 0x0000000088200000| Untracked 
| 131|0x0000000088300000, 0x0000000088400000, 0x0000000088400000|100%| O|  |TAMS 0x0000000088400000, 0x0000000088300000| Untracked 
| 132|0x0000000088400000, 0x0000000088500000, 0x0000000088500000|100%| O|  |TAMS 0x0000000088500000, 0x0000000088400000| Untracked 
| 133|0x0000000088500000, 0x0000000088600000, 0x0000000088600000|100%| O|  |TAMS 0x0000000088600000, 0x0000000088500000| Untracked 
| 134|0x0000000088600000, 0x0000000088700000, 0x0000000088700000|100%| O|  |TAMS 0x0000000088700000, 0x0000000088600000| Untracked 
| 135|0x0000000088700000, 0x0000000088800000, 0x0000000088800000|100%| O|  |TAMS 0x0000000088800000, 0x0000000088700000| Untracked 
| 136|0x0000000088800000, 0x0000000088900000, 0x0000000088900000|100%| O|  |TAMS 0x0000000088900000, 0x0000000088800000| Untracked 
| 137|0x0000000088900000, 0x0000000088a00000, 0x0000000088a00000|100%| O|  |TAMS 0x0000000088a00000, 0x0000000088900000| Untracked 
| 138|0x0000000088a00000, 0x0000000088b00000, 0x0000000088b00000|100%| O|  |TAMS 0x0000000088b00000, 0x0000000088a00000| Untracked 
| 139|0x0000000088b00000, 0x0000000088c00000, 0x0000000088c00000|100%| O|  |TAMS 0x0000000088c00000, 0x0000000088b00000| Untracked 
| 140|0x0000000088c00000, 0x0000000088d00000, 0x0000000088d00000|100%| O|  |TAMS 0x0000000088d00000, 0x0000000088c00000| Untracked 
| 141|0x0000000088d00000, 0x0000000088e00000, 0x0000000088e00000|100%| O|  |TAMS 0x0000000088e00000, 0x0000000088d00000| Untracked 
| 142|0x0000000088e00000, 0x0000000088f00000, 0x0000000088f00000|100%| O|  |TAMS 0x0000000088f00000, 0x0000000088e00000| Untracked 
| 143|0x0000000088f00000, 0x0000000089000000, 0x0000000089000000|100%| O|  |TAMS 0x0000000089000000, 0x0000000088f00000| Untracked 
| 144|0x0000000089000000, 0x0000000089100000, 0x0000000089100000|100%| O|  |TAMS 0x0000000089088e00, 0x0000000089000000| Untracked 
| 145|0x0000000089100000, 0x0000000089200000, 0x0000000089200000|100%| O|  |TAMS 0x0000000089100000, 0x0000000089100000| Untracked 
| 146|0x0000000089200000, 0x0000000089290c00, 0x0000000089300000| 56%| O|  |TAMS 0x0000000089200000, 0x0000000089200000| Untracked 
| 147|0x0000000089300000, 0x0000000089300000, 0x0000000089400000|  0%| F|  |TAMS 0x0000000089300000, 0x0000000089300000| Untracked 
| 148|0x0000000089400000, 0x0000000089400000, 0x0000000089500000|  0%| F|  |TAMS 0x0000000089400000, 0x0000000089400000| Untracked 
| 149|0x0000000089500000, 0x0000000089500000, 0x0000000089600000|  0%| F|  |TAMS 0x0000000089500000, 0x0000000089500000| Untracked 
| 150|0x0000000089600000, 0x0000000089600000, 0x0000000089700000|  0%| F|  |TAMS 0x0000000089600000, 0x0000000089600000| Untracked 
| 151|0x0000000089700000, 0x0000000089700000, 0x0000000089800000|  0%| F|  |TAMS 0x0000000089700000, 0x0000000089700000| Untracked 
| 152|0x0000000089800000, 0x0000000089800000, 0x0000000089900000|  0%| F|  |TAMS 0x0000000089800000, 0x0000000089800000| Untracked 
| 153|0x0000000089900000, 0x0000000089900000, 0x0000000089a00000|  0%| F|  |TAMS 0x0000000089900000, 0x0000000089900000| Untracked 
| 154|0x0000000089a00000, 0x0000000089a00000, 0x0000000089b00000|  0%| F|  |TAMS 0x0000000089a00000, 0x0000000089a00000| Untracked 
| 155|0x0000000089b00000, 0x0000000089b00000, 0x0000000089c00000|  0%| F|  |TAMS 0x0000000089b00000, 0x0000000089b00000| Untracked 
| 156|0x0000000089c00000, 0x0000000089c00000, 0x0000000089d00000|  0%| F|  |TAMS 0x0000000089c00000, 0x0000000089c00000| Untracked 
| 157|0x0000000089d00000, 0x0000000089d00000, 0x0000000089e00000|  0%| F|  |TAMS 0x0000000089d00000, 0x0000000089d00000| Untracked 
| 158|0x0000000089e00000, 0x0000000089e00000, 0x0000000089f00000|  0%| F|  |TAMS 0x0000000089e00000, 0x0000000089e00000| Untracked 
| 159|0x0000000089f00000, 0x0000000089f00000, 0x000000008a000000|  0%| F|  |TAMS 0x0000000089f00000, 0x0000000089f00000| Untracked 
| 160|0x000000008a000000, 0x000000008a000000, 0x000000008a100000|  0%| F|  |TAMS 0x000000008a000000, 0x000000008a000000| Untracked 
| 161|0x000000008a100000, 0x000000008a100000, 0x000000008a200000|  0%| F|  |TAMS 0x000000008a100000, 0x000000008a100000| Untracked 
| 162|0x000000008a200000, 0x000000008a200000, 0x000000008a300000|  0%| F|  |TAMS 0x000000008a200000, 0x000000008a200000| Untracked 
| 163|0x000000008a300000, 0x000000008a300000, 0x000000008a400000|  0%| F|  |TAMS 0x000000008a300000, 0x000000008a300000| Untracked 
| 164|0x000000008a400000, 0x000000008a400000, 0x000000008a500000|  0%| F|  |TAMS 0x000000008a400000, 0x000000008a400000| Untracked 
| 165|0x000000008a500000, 0x000000008a500000, 0x000000008a600000|  0%| F|  |TAMS 0x000000008a500000, 0x000000008a500000| Untracked 
| 166|0x000000008a600000, 0x000000008a600000, 0x000000008a700000|  0%| F|  |TAMS 0x000000008a600000, 0x000000008a600000| Untracked 
| 167|0x000000008a700000, 0x000000008a700000, 0x000000008a800000|  0%| F|  |TAMS 0x000000008a700000, 0x000000008a700000| Untracked 
| 168|0x000000008a800000, 0x000000008a800000, 0x000000008a900000|  0%| F|  |TAMS 0x000000008a800000, 0x000000008a800000| Untracked 
| 169|0x000000008a900000, 0x000000008a900000, 0x000000008aa00000|  0%| F|  |TAMS 0x000000008a900000, 0x000000008a900000| Untracked 
| 170|0x000000008aa00000, 0x000000008aa00000, 0x000000008ab00000|  0%| F|  |TAMS 0x000000008aa00000, 0x000000008aa00000| Untracked 
| 171|0x000000008ab00000, 0x000000008ab00000, 0x000000008ac00000|  0%| F|  |TAMS 0x000000008ab00000, 0x000000008ab00000| Untracked 
| 172|0x000000008ac00000, 0x000000008ac00000, 0x000000008ad00000|  0%| F|  |TAMS 0x000000008ac00000, 0x000000008ac00000| Untracked 
| 173|0x000000008ad00000, 0x000000008ad00000, 0x000000008ae00000|  0%| F|  |TAMS 0x000000008ad00000, 0x000000008ad00000| Untracked 
| 174|0x000000008ae00000, 0x000000008ae00000, 0x000000008af00000|  0%| F|  |TAMS 0x000000008ae00000, 0x000000008ae00000| Untracked 
| 175|0x000000008af00000, 0x000000008af00000, 0x000000008b000000|  0%| F|  |TAMS 0x000000008af00000, 0x000000008af00000| Untracked 
| 176|0x000000008b000000, 0x000000008b000000, 0x000000008b100000|  0%| F|  |TAMS 0x000000008b000000, 0x000000008b000000| Untracked 
| 177|0x000000008b100000, 0x000000008b100000, 0x000000008b200000|  0%| F|  |TAMS 0x000000008b100000, 0x000000008b100000| Untracked 
| 178|0x000000008b200000, 0x000000008b200000, 0x000000008b300000|  0%| F|  |TAMS 0x000000008b200000, 0x000000008b200000| Untracked 
| 179|0x000000008b300000, 0x000000008b300000, 0x000000008b400000|  0%| F|  |TAMS 0x000000008b300000, 0x000000008b300000| Untracked 
| 180|0x000000008b400000, 0x000000008b400000, 0x000000008b500000|  0%| F|  |TAMS 0x000000008b400000, 0x000000008b400000| Untracked 
| 181|0x000000008b500000, 0x000000008b500000, 0x000000008b600000|  0%| F|  |TAMS 0x000000008b500000, 0x000000008b500000| Untracked 
| 182|0x000000008b600000, 0x000000008b600000, 0x000000008b700000|  0%| F|  |TAMS 0x000000008b600000, 0x000000008b600000| Untracked 
| 183|0x000000008b700000, 0x000000008b700000, 0x000000008b800000|  0%| F|  |TAMS 0x000000008b700000, 0x000000008b700000| Untracked 
| 184|0x000000008b800000, 0x000000008b800000, 0x000000008b900000|  0%| F|  |TAMS 0x000000008b800000, 0x000000008b800000| Untracked 
| 185|0x000000008b900000, 0x000000008b900000, 0x000000008ba00000|  0%| F|  |TAMS 0x000000008b900000, 0x000000008b900000| Untracked 
| 186|0x000000008ba00000, 0x000000008ba00000, 0x000000008bb00000|  0%| F|  |TAMS 0x000000008ba00000, 0x000000008ba00000| Untracked 
| 187|0x000000008bb00000, 0x000000008bb00000, 0x000000008bc00000|  0%| F|  |TAMS 0x000000008bb00000, 0x000000008bb00000| Untracked 
| 188|0x000000008bc00000, 0x000000008bc00000, 0x000000008bd00000|  0%| F|  |TAMS 0x000000008bc00000, 0x000000008bc00000| Untracked 
| 189|0x000000008bd00000, 0x000000008bd00000, 0x000000008be00000|  0%| F|  |TAMS 0x000000008bd00000, 0x000000008bd00000| Untracked 
| 190|0x000000008be00000, 0x000000008be00000, 0x000000008bf00000|  0%| F|  |TAMS 0x000000008be00000, 0x000000008be00000| Untracked 
| 191|0x000000008bf00000, 0x000000008bf00000, 0x000000008c000000|  0%| F|  |TAMS 0x000000008bf00000, 0x000000008bf00000| Untracked 
| 192|0x000000008c000000, 0x000000008c000000, 0x000000008c100000|  0%| F|  |TAMS 0x000000008c000000, 0x000000008c000000| Untracked 
| 193|0x000000008c100000, 0x000000008c100000, 0x000000008c200000|  0%| F|  |TAMS 0x000000008c100000, 0x000000008c100000| Untracked 
| 194|0x000000008c200000, 0x000000008c300000, 0x000000008c300000|100%| S|CS|TAMS 0x000000008c200000, 0x000000008c200000| Complete 
| 195|0x000000008c300000, 0x000000008c400000, 0x000000008c400000|100%| S|CS|TAMS 0x000000008c300000, 0x000000008c300000| Complete 
| 196|0x000000008c400000, 0x000000008c500000, 0x000000008c500000|100%| S|CS|TAMS 0x000000008c400000, 0x000000008c400000| Complete 
| 197|0x000000008c500000, 0x000000008c600000, 0x000000008c600000|100%| S|CS|TAMS 0x000000008c500000, 0x000000008c500000| Complete 
| 198|0x000000008c600000, 0x000000008c700000, 0x000000008c700000|100%| S|CS|TAMS 0x000000008c600000, 0x000000008c600000| Complete 
| 199|0x000000008c700000, 0x000000008c800000, 0x000000008c800000|100%| S|CS|TAMS 0x000000008c700000, 0x000000008c700000| Complete 
| 200|0x000000008c800000, 0x000000008c800000, 0x000000008c900000|  0%| F|  |TAMS 0x000000008c800000, 0x000000008c800000| Untracked 
| 201|0x000000008c900000, 0x000000008c900000, 0x000000008ca00000|  0%| F|  |TAMS 0x000000008c900000, 0x000000008c900000| Untracked 
| 202|0x000000008ca00000, 0x000000008ca00000, 0x000000008cb00000|  0%| F|  |TAMS 0x000000008ca00000, 0x000000008ca00000| Untracked 
| 203|0x000000008cb00000, 0x000000008cb00000, 0x000000008cc00000|  0%| F|  |TAMS 0x000000008cb00000, 0x000000008cb00000| Untracked 
| 204|0x000000008cc00000, 0x000000008cc00000, 0x000000008cd00000|  0%| F|  |TAMS 0x000000008cc00000, 0x000000008cc00000| Untracked 
| 205|0x000000008cd00000, 0x000000008cd00000, 0x000000008ce00000|  0%| F|  |TAMS 0x000000008cd00000, 0x000000008cd00000| Untracked 
| 206|0x000000008ce00000, 0x000000008ce00000, 0x000000008cf00000|  0%| F|  |TAMS 0x000000008ce00000, 0x000000008ce00000| Untracked 
| 207|0x000000008cf00000, 0x000000008cf00000, 0x000000008d000000|  0%| F|  |TAMS 0x000000008cf00000, 0x000000008cf00000| Untracked 
| 208|0x000000008d000000, 0x000000008d000000, 0x000000008d100000|  0%| F|  |TAMS 0x000000008d000000, 0x000000008d000000| Untracked 
| 209|0x000000008d100000, 0x000000008d100000, 0x000000008d200000|  0%| F|  |TAMS 0x000000008d100000, 0x000000008d100000| Untracked 
| 210|0x000000008d200000, 0x000000008d200000, 0x000000008d300000|  0%| F|  |TAMS 0x000000008d200000, 0x000000008d200000| Untracked 
| 211|0x000000008d300000, 0x000000008d300000, 0x000000008d400000|  0%| F|  |TAMS 0x000000008d300000, 0x000000008d300000| Untracked 
| 212|0x000000008d400000, 0x000000008d400000, 0x000000008d500000|  0%| F|  |TAMS 0x000000008d400000, 0x000000008d400000| Untracked 
| 213|0x000000008d500000, 0x000000008d500000, 0x000000008d600000|  0%| F|  |TAMS 0x000000008d500000, 0x000000008d500000| Untracked 
| 214|0x000000008d600000, 0x000000008d600000, 0x000000008d700000|  0%| F|  |TAMS 0x000000008d600000, 0x000000008d600000| Untracked 
| 215|0x000000008d700000, 0x000000008d700000, 0x000000008d800000|  0%| F|  |TAMS 0x000000008d700000, 0x000000008d700000| Untracked 
| 216|0x000000008d800000, 0x000000008d800000, 0x000000008d900000|  0%| F|  |TAMS 0x000000008d800000, 0x000000008d800000| Untracked 
| 217|0x000000008d900000, 0x000000008d900000, 0x000000008da00000|  0%| F|  |TAMS 0x000000008d900000, 0x000000008d900000| Untracked 
| 218|0x000000008da00000, 0x000000008da00000, 0x000000008db00000|  0%| F|  |TAMS 0x000000008da00000, 0x000000008da00000| Untracked 
| 219|0x000000008db00000, 0x000000008db00000, 0x000000008dc00000|  0%| F|  |TAMS 0x000000008db00000, 0x000000008db00000| Untracked 
| 220|0x000000008dc00000, 0x000000008dc00000, 0x000000008dd00000|  0%| F|  |TAMS 0x000000008dc00000, 0x000000008dc00000| Untracked 
| 221|0x000000008dd00000, 0x000000008dd00000, 0x000000008de00000|  0%| F|  |TAMS 0x000000008dd00000, 0x000000008dd00000| Untracked 
| 222|0x000000008de00000, 0x000000008de00000, 0x000000008df00000|  0%| F|  |TAMS 0x000000008de00000, 0x000000008de00000| Untracked 
| 223|0x000000008df00000, 0x000000008df00000, 0x000000008e000000|  0%| F|  |TAMS 0x000000008df00000, 0x000000008df00000| Untracked 
| 224|0x000000008e000000, 0x000000008e000000, 0x000000008e100000|  0%| F|  |TAMS 0x000000008e000000, 0x000000008e000000| Untracked 
| 225|0x000000008e100000, 0x000000008e100000, 0x000000008e200000|  0%| F|  |TAMS 0x000000008e100000, 0x000000008e100000| Untracked 
| 226|0x000000008e200000, 0x000000008e200000, 0x000000008e300000|  0%| F|  |TAMS 0x000000008e200000, 0x000000008e200000| Untracked 
| 227|0x000000008e300000, 0x000000008e300000, 0x000000008e400000|  0%| F|  |TAMS 0x000000008e300000, 0x000000008e300000| Untracked 
| 228|0x000000008e400000, 0x000000008e400000, 0x000000008e500000|  0%| F|  |TAMS 0x000000008e400000, 0x000000008e400000| Untracked 
| 229|0x000000008e500000, 0x000000008e500000, 0x000000008e600000|  0%| F|  |TAMS 0x000000008e500000, 0x000000008e500000| Untracked 
| 230|0x000000008e600000, 0x000000008e600000, 0x000000008e700000|  0%| F|  |TAMS 0x000000008e600000, 0x000000008e600000| Untracked 
| 231|0x000000008e700000, 0x000000008e700000, 0x000000008e800000|  0%| F|  |TAMS 0x000000008e700000, 0x000000008e700000| Untracked 
| 232|0x000000008e800000, 0x000000008e800000, 0x000000008e900000|  0%| F|  |TAMS 0x000000008e800000, 0x000000008e800000| Untracked 
| 233|0x000000008e900000, 0x000000008e900000, 0x000000008ea00000|  0%| F|  |TAMS 0x000000008e900000, 0x000000008e900000| Untracked 
| 234|0x000000008ea00000, 0x000000008ea00000, 0x000000008eb00000|  0%| F|  |TAMS 0x000000008ea00000, 0x000000008ea00000| Untracked 
| 235|0x000000008eb00000, 0x000000008eb00000, 0x000000008ec00000|  0%| F|  |TAMS 0x000000008eb00000, 0x000000008eb00000| Untracked 
| 236|0x000000008ec00000, 0x000000008ec00000, 0x000000008ed00000|  0%| F|  |TAMS 0x000000008ec00000, 0x000000008ec00000| Untracked 
| 237|0x000000008ed00000, 0x000000008ed00000, 0x000000008ee00000|  0%| F|  |TAMS 0x000000008ed00000, 0x000000008ed00000| Untracked 
| 238|0x000000008ee00000, 0x000000008ee00000, 0x000000008ef00000|  0%| F|  |TAMS 0x000000008ee00000, 0x000000008ee00000| Untracked 
| 239|0x000000008ef00000, 0x000000008ef00000, 0x000000008f000000|  0%| F|  |TAMS 0x000000008ef00000, 0x000000008ef00000| Untracked 
| 240|0x000000008f000000, 0x000000008f080800, 0x000000008f100000| 50%| E|  |TAMS 0x000000008f000000, 0x000000008f000000| Complete 
| 241|0x000000008f100000, 0x000000008f200000, 0x000000008f200000|100%| E|CS|TAMS 0x000000008f100000, 0x000000008f100000| Complete 
| 242|0x000000008f200000, 0x000000008f300000, 0x000000008f300000|100%| E|CS|TAMS 0x000000008f200000, 0x000000008f200000| Complete 

Card table byte_map: [0x0000024069280000,0x0000024069680000] _byte_map_base: 0x0000024068e80000

Marking Bits (Prev, Next): (CMBitMap*) 0x000002405173b6f0, (CMBitMap*) 0x000002405173b6b8
 Prev Bits: [0x000002406ba80000, 0x000002406da80000)
 Next Bits: [0x0000024069a80000, 0x000002406ba80000)

Polling page: 0x000002404f5d0000

Metaspace:

Usage:
  Non-class:     98.87 MB capacity,    96.53 MB ( 98%) used,     2.01 MB (  2%) free+waste,   339.50 KB ( <1%) overhead. 
      Class:     15.79 MB capacity,    14.41 MB ( 91%) used,     1.23 MB (  8%) free+waste,   155.69 KB ( <1%) overhead. 
       Both:    114.67 MB capacity,   110.94 MB ( 97%) used,     3.24 MB (  3%) free+waste,   495.19 KB ( <1%) overhead. 

Virtual space:
  Non-class space:      100.00 MB reserved,      98.88 MB ( 99%) committed 
      Class space:      504.00 MB reserved,      15.82 MB (  3%) committed 
             Both:      604.00 MB reserved,     114.70 MB ( 19%) committed 

Chunk freelists:
   Non-Class:  6.00 KB
       Class:  18.00 KB
        Both:  24.00 KB

MaxMetaspaceSize: 512.00 MB
CompressedClassSpaceSize: 504.00 MB
Initial GC threshold: 20.80 MB
Current GC threshold: 190.34 MB
CDS: off

CodeHeap 'non-profiled nmethods': size=120064Kb used=8747Kb max_used=8747Kb free=111316Kb
 bounds [0x0000024061940000, 0x00000240621d0000, 0x0000024068e80000]
CodeHeap 'profiled nmethods': size=120000Kb used=30932Kb max_used=30932Kb free=89067Kb
 bounds [0x000002405a410000, 0x000002405c250000, 0x0000024061940000]
CodeHeap 'non-nmethods': size=5696Kb used=2401Kb max_used=2448Kb free=3294Kb
 bounds [0x0000024059e80000, 0x000002405a0f0000, 0x000002405a410000]
 total_blobs=14533 nmethods=13601 adapters=844
 compilation: enabled
              stopped_count=0, restarted_count=0
 full_count=0

Compilation events (20 events):
Event: 56.752 Thread 0x000002407078a000 13675       3       org.gradle.internal.reflect.annotations.impl.DefaultTypeAnnotationMetadataStore::extractPropertiesFrom (84 bytes)
Event: 56.753 Thread 0x000002407078a000 nmethod 13675 0x000002405c22c190 code [0x000002405c22c460, 0x000002405c22d028]
Event: 56.757 Thread 0x000002407078a000 13678       3       org.gradle.api.internal.tasks.properties.annotations.PropertyAnnotationHandlerSupport$$Lambda$841/0x00000001007e4040::test (12 bytes)
Event: 56.758 Thread 0x000002407078a000 nmethod 13678 0x000002405c22d590 code [0x000002405c22d760, 0x000002405c22d988]
Event: 56.758 Thread 0x000002407078a000 13679       3       org.gradle.api.internal.tasks.properties.annotations.InputPropertyAnnotationHandler::getAllowedModifiers (7 bytes)
Event: 56.758 Thread 0x000002407078a000 nmethod 13679 0x000002405c22da90 code [0x000002405c22dc80, 0x000002405c22e0f8]
Event: 56.758 Thread 0x000002407078a000 13680       3       org.gradle.api.internal.tasks.properties.annotations.InputPropertyAnnotationHandler::validatePropertyMetadata (91 bytes)
Event: 56.759 Thread 0x000002407078a000 nmethod 13680 0x000002405c22e290 code [0x000002405c22e560, 0x000002405c22f398]
Event: 56.760 Thread 0x000002407078a000 13681       3       org.gradle.api.reflect.TypeOf::getActualTypeArguments (11 bytes)
Event: 56.761 Thread 0x000002407078a000 nmethod 13681 0x000002405c22f890 code [0x000002405c22fae0, 0x000002405c230408]
Event: 56.764 Thread 0x000002407078a000 13682       3       org.gradle.api.internal.attributes.DefaultImmutableAttributes::getAttributes (2 bytes)
Event: 56.764 Thread 0x000002407078a000 nmethod 13682 0x000002405c230710 code [0x000002405c2308c0, 0x000002405c2309b8]
Event: 56.764 Thread 0x000002407078a000 13683       1       org.gradle.api.internal.artifacts.transform.ImmutableConsumerVariantMatchResult::getMatches (5 bytes)
Event: 56.764 Thread 0x000002407078a000 nmethod 13683 0x00000240621ca090 code [0x00000240621ca240, 0x00000240621ca2f8]
Event: 56.764 Thread 0x000002407078a000 13684       3       org.gradle.api.internal.artifacts.transform.AttributeMatchingVariantSelector$$Lambda$1276/0x0000000100fa0440::apply (8 bytes)
Event: 56.765 Thread 0x000002407078a000 nmethod 13684 0x000002405c230a90 code [0x000002405c230c60, 0x000002405c230fb8]
Event: 56.765 Thread 0x000002407078a000 13685       3       org.gradle.api.internal.artifacts.transform.AttributeMatchingVariantSelector::lambda$disambiguateWithSchema$2 (11 bytes)
Event: 56.765 Thread 0x000002407078a000 nmethod 13685 0x000002405c231110 code [0x000002405c2312c0, 0x000002405c2314b8]
Event: 56.771 Thread 0x000002407078a000 13686       3       com.google.common.collect.Sets::newHashSetWithExpectedSize (12 bytes)
Event: 56.771 Thread 0x000002407078a000 nmethod 13686 0x000002405c231590 code [0x000002405c2317e0, 0x000002405c231d78]

GC Heap History (20 events):
Event: 50.200 GC heap before
{Heap before GC invocations=77 (full 0):
 garbage-first heap   total 172032K, used 148212K [0x0000000080000000, 0x0000000100000000)
  region size 1024K, 14 young (14336K), 1 survivors (1024K)
 Metaspace       used 103554K, capacity 107256K, committed 107472K, reserved 610304K
  class space    used 13503K, capacity 14884K, committed 14924K, reserved 516096K
}
Event: 50.206 GC heap after
{Heap after GC invocations=78 (full 0):
 garbage-first heap   total 172032K, used 136242K [0x0000000080000000, 0x0000000100000000)
  region size 1024K, 2 young (2048K), 2 survivors (2048K)
 Metaspace       used 103554K, capacity 107256K, committed 107472K, reserved 610304K
  class space    used 13503K, capacity 14884K, committed 14924K, reserved 516096K
}
Event: 50.652 GC heap before
{Heap before GC invocations=78 (full 0):
 garbage-first heap   total 172032K, used 148530K [0x0000000080000000, 0x0000000100000000)
  region size 1024K, 14 young (14336K), 2 survivors (2048K)
 Metaspace       used 104012K, capacity 107748K, committed 107856K, reserved 610304K
  class space    used 13569K, capacity 15000K, committed 15052K, reserved 516096K
}
Event: 50.661 GC heap after
{Heap after GC invocations=79 (full 0):
 garbage-first heap   total 172032K, used 138292K [0x0000000080000000, 0x0000000100000000)
  region size 1024K, 2 young (2048K), 2 survivors (2048K)
 Metaspace       used 104012K, capacity 107748K, committed 107856K, reserved 610304K
  class space    used 13569K, capacity 15000K, committed 15052K, reserved 516096K
}
Event: 50.923 GC heap before
{Heap before GC invocations=80 (full 0):
 garbage-first heap   total 172032K, used 148532K [0x0000000080000000, 0x0000000100000000)
  region size 1024K, 12 young (12288K), 2 survivors (2048K)
 Metaspace       used 104533K, capacity 108219K, committed 108496K, reserved 610304K
  class space    used 13632K, capacity 15046K, committed 15180K, reserved 516096K
}
Event: 50.933 GC heap after
{Heap after GC invocations=81 (full 0):
 garbage-first heap   total 172032K, used 140352K [0x0000000080000000, 0x0000000100000000)
  region size 1024K, 2 young (2048K), 2 survivors (2048K)
 Metaspace       used 104533K, capacity 108219K, committed 108496K, reserved 610304K
  class space    used 13632K, capacity 15046K, committed 15180K, reserved 516096K
}
Event: 51.096 GC heap before
{Heap before GC invocations=81 (full 0):
 garbage-first heap   total 172032K, used 149568K [0x0000000080000000, 0x0000000100000000)
  region size 1024K, 11 young (11264K), 2 survivors (2048K)
 Metaspace       used 105140K, capacity 108882K, committed 109008K, reserved 610304K
  class space    used 13693K, capacity 15091K, committed 15180K, reserved 516096K
}
Event: 51.104 GC heap after
{Heap after GC invocations=82 (full 0):
 garbage-first heap   total 172032K, used 141361K [0x0000000080000000, 0x0000000100000000)
  region size 1024K, 2 young (2048K), 2 survivors (2048K)
 Metaspace       used 105140K, capacity 108882K, committed 109008K, reserved 610304K
  class space    used 13693K, capacity 15091K, committed 15180K, reserved 516096K
}
Event: 51.348 GC heap before
{Heap before GC invocations=82 (full 0):
 garbage-first heap   total 172032K, used 149553K [0x0000000080000000, 0x0000000100000000)
  region size 1024K, 10 young (10240K), 2 survivors (2048K)
 Metaspace       used 105567K, capacity 109306K, committed 109648K, reserved 612352K
  class space    used 13749K, capacity 15188K, committed 15308K, reserved 516096K
}
Event: 51.354 GC heap after
{Heap after GC invocations=83 (full 0):
 garbage-first heap   total 206848K, used 141718K [0x0000000080000000, 0x0000000100000000)
  region size 1024K, 2 young (2048K), 2 survivors (2048K)
 Metaspace       used 105567K, capacity 109306K, committed 109648K, reserved 612352K
  class space    used 13749K, capacity 15188K, committed 15308K, reserved 516096K
}
Event: 53.467 GC heap before
{Heap before GC invocations=84 (full 0):
 garbage-first heap   total 206848K, used 163222K [0x0000000080000000, 0x0000000100000000)
  region size 1024K, 23 young (23552K), 2 survivors (2048K)
 Metaspace       used 106663K, capacity 110470K, committed 110800K, reserved 612352K
  class space    used 13893K, capacity 15333K, committed 15436K, reserved 516096K
}
Event: 53.480 GC heap after
{Heap after GC invocations=85 (full 0):
 garbage-first heap   total 206848K, used 144192K [0x0000000080000000, 0x0000000100000000)
  region size 1024K, 3 young (3072K), 3 survivors (3072K)
 Metaspace       used 106663K, capacity 110470K, committed 110800K, reserved 612352K
  class space    used 13893K, capacity 15333K, committed 15436K, reserved 516096K
}
Event: 54.078 GC heap before
{Heap before GC invocations=85 (full 0):
 garbage-first heap   total 206848K, used 164672K [0x0000000080000000, 0x0000000100000000)
  region size 1024K, 24 young (24576K), 3 survivors (3072K)
 Metaspace       used 107110K, capacity 110932K, committed 111056K, reserved 612352K
  class space    used 13936K, capacity 15347K, committed 15436K, reserved 516096K
}
Event: 54.095 GC heap after
{Heap after GC invocations=86 (full 0):
 garbage-first heap   total 206848K, used 147690K [0x0000000080000000, 0x0000000100000000)
  region size 1024K, 3 young (3072K), 3 survivors (3072K)
 Metaspace       used 107110K, capacity 110932K, committed 111056K, reserved 612352K
  class space    used 13936K, capacity 15347K, committed 15436K, reserved 516096K
}
Event: 54.525 GC heap before
{Heap before GC invocations=86 (full 0):
 garbage-first heap   total 206848K, used 167146K [0x0000000080000000, 0x0000000100000000)
  region size 1024K, 23 young (23552K), 3 survivors (3072K)
 Metaspace       used 107763K, capacity 111660K, committed 111824K, reserved 614400K
  class space    used 14004K, capacity 15414K, committed 15436K, reserved 516096K
}
Event: 54.537 GC heap after
{Heap after GC invocations=87 (full 0):
 garbage-first heap   total 206848K, used 149618K [0x0000000080000000, 0x0000000100000000)
  region size 1024K, 2 young (2048K), 2 survivors (2048K)
 Metaspace       used 107763K, capacity 111660K, committed 111824K, reserved 614400K
  class space    used 14004K, capacity 15414K, committed 15436K, reserved 516096K
}
Event: 55.037 GC heap before
{Heap before GC invocations=88 (full 0):
 garbage-first heap   total 206848K, used 170098K [0x0000000080000000, 0x0000000100000000)
  region size 1024K, 22 young (22528K), 2 survivors (2048K)
 Metaspace       used 109753K, capacity 113626K, committed 113744K, reserved 614400K
  class space    used 14329K, capacity 15719K, committed 15820K, reserved 516096K
}
Event: 55.049 GC heap after
{Heap after GC invocations=89 (full 0):
 garbage-first heap   total 248832K, used 150300K [0x0000000080000000, 0x0000000100000000)
  region size 1024K, 3 young (3072K), 3 survivors (3072K)
 Metaspace       used 109753K, capacity 113626K, committed 113744K, reserved 614400K
  class space    used 14329K, capacity 15719K, committed 15820K, reserved 516096K
}
Event: 55.797 GC heap before
{Heap before GC invocations=89 (full 0):
 garbage-first heap   total 248832K, used 187164K [0x0000000080000000, 0x0000000100000000)
  region size 1024K, 39 young (39936K), 3 survivors (3072K)
 Metaspace       used 112611K, capacity 116452K, committed 116688K, reserved 618496K
  class space    used 14660K, capacity 16099K, committed 16204K, reserved 516096K
}
Event: 55.813 GC heap after
{Heap after GC invocations=90 (full 0):
 garbage-first heap   total 248832K, used 152692K [0x0000000080000000, 0x0000000100000000)
  region size 1024K, 5 young (5120K), 5 survivors (5120K)
 Metaspace       used 112611K, capacity 116452K, committed 116688K, reserved 618496K
  class space    used 14660K, capacity 16099K, committed 16204K, reserved 516096K
}

Deoptimization events (20 events):
Event: 56.123 Thread 0x00000240719af800 Uncommon trap: trap_request=0xffffffbe fr.pc=0x0000024062198b80 relative=0x0000000000000500
Event: 56.123 Thread 0x00000240719af800 Uncommon trap: reason=profile_predicate action=maybe_recompile pc=0x0000024062198b80 method=org.gradle.internal.Actions$CompositeAction.execute(Ljava/lang/Object;)V @ 16 c2
Event: 56.123 Thread 0x00000240719af800 DEOPT PACKING pc=0x0000024062198b80 sp=0x000000e6a50f92f0
Event: 56.123 Thread 0x00000240719af800 DEOPT UNPACKING pc=0x0000024059eca1af sp=0x000000e6a50f92b0 mode 2
Event: 56.123 Thread 0x00000240719af800 Uncommon trap: trap_request=0xffffffbe fr.pc=0x0000024062198b80 relative=0x0000000000000500
Event: 56.123 Thread 0x00000240719af800 Uncommon trap: reason=profile_predicate action=maybe_recompile pc=0x0000024062198b80 method=org.gradle.internal.Actions$CompositeAction.execute(Ljava/lang/Object;)V @ 16 c2
Event: 56.123 Thread 0x00000240719af800 DEOPT PACKING pc=0x0000024062198b80 sp=0x000000e6a50f92f0
Event: 56.123 Thread 0x00000240719af800 DEOPT UNPACKING pc=0x0000024059eca1af sp=0x000000e6a50f92b0 mode 2
Event: 56.123 Thread 0x00000240719af800 Uncommon trap: trap_request=0xffffffbe fr.pc=0x000002406217af50 relative=0x00000000000002f0
Event: 56.123 Thread 0x00000240719af800 Uncommon trap: reason=profile_predicate action=maybe_recompile pc=0x000002406217af50 method=org.gradle.internal.Actions$CompositeAction.execute(Ljava/lang/Object;)V @ 10 c2
Event: 56.123 Thread 0x00000240719af800 DEOPT PACKING pc=0x000002406217af50 sp=0x000000e6a50f92f0
Event: 56.123 Thread 0x00000240719af800 DEOPT UNPACKING pc=0x0000024059eca1af sp=0x000000e6a50f92b8 mode 2
Event: 56.123 Thread 0x00000240719af800 Uncommon trap: trap_request=0xffffffbe fr.pc=0x0000024062198b80 relative=0x0000000000000500
Event: 56.123 Thread 0x00000240719af800 Uncommon trap: reason=profile_predicate action=maybe_recompile pc=0x0000024062198b80 method=org.gradle.internal.Actions$CompositeAction.execute(Ljava/lang/Object;)V @ 16 c2
Event: 56.123 Thread 0x00000240719af800 DEOPT PACKING pc=0x0000024062198b80 sp=0x000000e6a50f92f0
Event: 56.123 Thread 0x00000240719af800 DEOPT UNPACKING pc=0x0000024059eca1af sp=0x000000e6a50f92b0 mode 2
Event: 56.124 Thread 0x00000240719af800 Uncommon trap: trap_request=0xffffffbe fr.pc=0x000002406217af50 relative=0x00000000000002f0
Event: 56.124 Thread 0x00000240719af800 Uncommon trap: reason=profile_predicate action=maybe_recompile pc=0x000002406217af50 method=org.gradle.internal.Actions$CompositeAction.execute(Ljava/lang/Object;)V @ 10 c2
Event: 56.124 Thread 0x00000240719af800 DEOPT PACKING pc=0x000002406217af50 sp=0x000000e6a50f92d0
Event: 56.124 Thread 0x00000240719af800 DEOPT UNPACKING pc=0x0000024059eca1af sp=0x000000e6a50f92a8 mode 2

Classes redefined (0 events):
No events

Internal exceptions (20 events):
Event: 50.272 Thread 0x00000240719af800 Exception <a 'java/lang/NoClassDefFoundError'{0x000000008a409478}: org/jetbrains/kotlin/gradle/plugin/KotlinBasePluginWrapper> (0x000000008a409478) thrown at [./src/hotspot/share/oops/constantPool.cpp, line 775]
Event: 50.371 Thread 0x00000240719af800 Exception <a 'java/lang/ClassNotFoundException'{0x000000008a0d0890}: build_486x6do591vnjsif1q3y0auh8BeanInfo> (0x000000008a0d0890) thrown at [./src/hotspot/share/classfile/systemDictionary.cpp, line 230]
Event: 50.372 Thread 0x00000240719af800 Exception <a 'java/lang/ClassNotFoundException'{0x000000008a0dc8f0}: build_486x6do591vnjsif1q3y0auh8Customizer> (0x000000008a0dc8f0) thrown at [./src/hotspot/share/classfile/systemDictionary.cpp, line 230]
Event: 50.481 Thread 0x00000240719af800 Exception <a 'java/lang/ClassNotFoundException'{0x0000000089f97ea0}: build_486x6do591vnjsif1q3y0auh8BeanInfo> (0x0000000089f97ea0) thrown at [./src/hotspot/share/classfile/systemDictionary.cpp, line 230]
Event: 50.481 Thread 0x00000240719af800 Exception <a 'java/lang/ClassNotFoundException'{0x0000000089fa3ea0}: build_486x6do591vnjsif1q3y0auh8Customizer> (0x0000000089fa3ea0) thrown at [./src/hotspot/share/classfile/systemDictionary.cpp, line 230]
Event: 50.607 Thread 0x00000240719af800 Exception <a 'java/lang/ClassNotFoundException'{0x0000000089d3b0f0}: build_486x6do591vnjsif1q3y0auh8$_run_closure1BeanInfo> (0x0000000089d3b0f0) thrown at [./src/hotspot/share/classfile/systemDictionary.cpp, line 230]
Event: 50.608 Thread 0x00000240719af800 Exception <a 'java/lang/ClassNotFoundException'{0x0000000089d4ae58}: build_486x6do591vnjsif1q3y0auh8$_run_closure1Customizer> (0x0000000089d4ae58) thrown at [./src/hotspot/share/classfile/systemDictionary.cpp, line 230]
Event: 50.701 Thread 0x00000240719af800 Exception <a 'java/lang/NoClassDefFoundError'{0x000000008a613d78}: org/jetbrains/kotlin/gradle/plugin/KotlinBasePluginWrapper> (0x000000008a613d78) thrown at [./src/hotspot/share/oops/constantPool.cpp, line 775]
Event: 51.355 Thread 0x00000240719af800 Implicit null exception at 0x00000240620b41ce to 0x00000240620b4970
Event: 53.075 Thread 0x00000240719af800 Implicit null exception at 0x00000240620c4030 to 0x00000240620c40f0
Event: 54.367 Thread 0x00000240719af800 Implicit null exception at 0x00000240620d224f to 0x00000240620d2660
Event: 54.464 Thread 0x00000240719af800 Exception <a 'sun/nio/fs/WindowsException'{0x000000008b7ac160}> (0x000000008b7ac160) thrown at [./src/hotspot/share/prims/jni.cpp, line 617]
Event: 54.751 Thread 0x00000240719af800 Exception <a 'java/lang/NullPointerException'{0x000000008c18b0b8}> (0x000000008c18b0b8) thrown at [./src/hotspot/share/interpreter/linkResolver.cpp, line 1440]
Event: 55.147 Thread 0x00000240719af800 Exception <a 'java/lang/NoSuchMethodError'{0x000000008eee3d20}: 'int java.lang.invoke.DirectMethodHandle$Holder.invokeStatic(java.lang.Object, java.lang.Object, int, java.lang.Object)'> (0x000000008eee3d20) thrown at [./src/hotspot/share/interpreter/linkResolver.cpp, line 773]
Event: 55.233 Thread 0x00000240719af800 Exception <a 'sun/nio/fs/WindowsException'{0x000000008ec01310}> (0x000000008ec01310) thrown at [./src/hotspot/share/prims/jni.cpp, line 617]
Event: 55.233 Thread 0x00000240719af800 Exception <a 'sun/nio/fs/WindowsException'{0x000000008ec026a0}> (0x000000008ec026a0) thrown at [./src/hotspot/share/prims/jni.cpp, line 617]
Event: 55.234 Thread 0x00000240719af800 Exception <a 'sun/nio/fs/WindowsException'{0x000000008ec03a68}> (0x000000008ec03a68) thrown at [./src/hotspot/share/prims/jni.cpp, line 617]
Event: 55.234 Thread 0x00000240719af800 Exception <a 'sun/nio/fs/WindowsException'{0x000000008ec04e30}> (0x000000008ec04e30) thrown at [./src/hotspot/share/prims/jni.cpp, line 617]
Event: 55.375 Thread 0x00000240719af800 Implicit null exception at 0x00000240620bc491 to 0x00000240620bda64
Event: 55.535 Thread 0x00000240719af800 Implicit null exception at 0x000002406216a582 to 0x000002406216ae70

Events (20 events):
Event: 56.724 loading class org/jetbrains/kotlin/gradle/tasks/configuration/AbstractKotlinCompileConfig$4$2
Event: 56.724 loading class org/jetbrains/kotlin/gradle/tasks/configuration/AbstractKotlinCompileConfig$4$2 done
Event: 56.725 loading class org/jetbrains/kotlin/gradle/tasks/configuration/AbstractKotlinCompileConfig$4$3
Event: 56.725 loading class org/jetbrains/kotlin/gradle/tasks/configuration/AbstractKotlinCompileConfig$4$3 done
Event: 56.726 loading class org/jetbrains/kotlin/gradle/tasks/configuration/AbstractKotlinCompileConfig$4$4
Event: 56.726 loading class org/jetbrains/kotlin/gradle/tasks/configuration/AbstractKotlinCompileConfig$4$4 done
Event: 56.727 loading class org/jetbrains/kotlin/gradle/tasks/configuration/AbstractKotlinCompileConfig$4$5
Event: 56.727 loading class org/jetbrains/kotlin/gradle/tasks/configuration/AbstractKotlinCompileConfig$4$5 done
Event: 56.728 loading class org/jetbrains/kotlin/gradle/tasks/configuration/AbstractKotlinCompileConfig$4$6
Event: 56.728 loading class org/jetbrains/kotlin/gradle/tasks/configuration/AbstractKotlinCompileConfig$4$6 done
Event: 56.732 loading class org/jetbrains/kotlin/gradle/tasks/configuration/BaseKotlinCompileConfig$1$1$1
Event: 56.732 loading class org/jetbrains/kotlin/gradle/tasks/configuration/BaseKotlinCompileConfig$1$1$1 done
Event: 56.734 loading class org/jetbrains/kotlin/gradle/tasks/configuration/BaseKotlinCompileConfig$2$1$1$1
Event: 56.734 loading class org/jetbrains/kotlin/gradle/tasks/configuration/BaseKotlinCompileConfig$2$1$1$1 done
Event: 56.735 loading class org/jetbrains/kotlin/gradle/tasks/configuration/BaseKotlinCompileConfig$2$1$1$2
Event: 56.735 loading class org/jetbrains/kotlin/gradle/tasks/configuration/BaseKotlinCompileConfig$2$1$1$2 done
Event: 56.736 loading class org/jetbrains/kotlin/gradle/tasks/configuration/BaseKotlinCompileConfig$2$1$2
Event: 56.736 loading class org/jetbrains/kotlin/gradle/tasks/configuration/BaseKotlinCompileConfig$2$1$2 done
Event: 56.739 loading class org/jetbrains/kotlin/gradle/plugin/mpp/KotlinCompilationsKt$addSourcesToKotlinCompileTask$configureAction$2
Event: 56.739 loading class org/jetbrains/kotlin/gradle/plugin/mpp/KotlinCompilationsKt$addSourcesToKotlinCompileTask$configureAction$2 done


Dynamic libraries:
0x00007ff663b00000 - 0x00007ff663b0d000 	C:\Program Files\Microsoft\jdk-11.0.18.10-hotspot\bin\java.exe
0x00007ffb23e70000 - 0x00007ffb24068000 	C:\Windows\SYSTEM32\ntdll.dll
0x00007ffb22290000 - 0x00007ffb2234d000 	C:\Windows\System32\KERNEL32.DLL
0x00007ffb21800000 - 0x00007ffb21ace000 	C:\Windows\System32\KERNELBASE.dll
0x00007ffb21cb0000 - 0x00007ffb21db0000 	C:\Windows\System32\ucrtbase.dll
0x00007ffb16a10000 - 0x00007ffb16a25000 	C:\Program Files\Microsoft\jdk-11.0.18.10-hotspot\bin\VCRUNTIME140.dll
0x00007ffb16a30000 - 0x00007ffb16a47000 	C:\Program Files\Microsoft\jdk-11.0.18.10-hotspot\bin\jli.dll
0x00007ffb23810000 - 0x00007ffb239b0000 	C:\Windows\System32\USER32.dll
0x00007ffb13cd0000 - 0x00007ffb13f6a000 	C:\Windows\WinSxS\amd64_microsoft.windows.common-controls_6595b64144ccf1df_6.0.19041.1110_none_60b5254171f9507e\COMCTL32.dll
0x00007ffb21db0000 - 0x00007ffb21dd2000 	C:\Windows\System32\win32u.dll
0x00007ffb23740000 - 0x00007ffb237de000 	C:\Windows\System32\msvcrt.dll
0x00007ffb235e0000 - 0x00007ffb2360a000 	C:\Windows\System32\GDI32.dll
0x00007ffb216f0000 - 0x00007ffb217fb000 	C:\Windows\System32\gdi32full.dll
0x00007ffb21de0000 - 0x00007ffb21e7d000 	C:\Windows\System32\msvcp_win.dll
0x00007ffb23390000 - 0x00007ffb233c0000 	C:\Windows\System32\IMM32.DLL
0x00007ffb16930000 - 0x00007ffb169cb000 	C:\Program Files\Microsoft\jdk-11.0.18.10-hotspot\bin\msvcp140.dll
0x00007ffae1bd0000 - 0x00007ffae2762000 	C:\Program Files\Microsoft\jdk-11.0.18.10-hotspot\bin\server\jvm.dll
0x00007ffb22f70000 - 0x00007ffb2301e000 	C:\Windows\System32\ADVAPI32.dll
0x00007ffb23ce0000 - 0x00007ffb23d7c000 	C:\Windows\System32\sechost.dll
0x00007ffb23ba0000 - 0x00007ffb23cc5000 	C:\Windows\System32\RPCRT4.dll
0x00007ffb23cd0000 - 0x00007ffb23cd8000 	C:\Windows\System32\PSAPI.DLL
0x00007ffb141a0000 - 0x00007ffb141c7000 	C:\Windows\SYSTEM32\WINMM.dll
0x00007ffb128f0000 - 0x00007ffb128f9000 	C:\Windows\SYSTEM32\WSOCK32.dll
0x00007ffb127b0000 - 0x00007ffb127ba000 	C:\Windows\SYSTEM32\VERSION.dll
0x00007ffb239b0000 - 0x00007ffb23a1b000 	C:\Windows\System32\WS2_32.dll
0x00007ffb1f490000 - 0x00007ffb1f4a2000 	C:\Windows\SYSTEM32\kernel.appcore.dll
0x00007ffb16920000 - 0x00007ffb16930000 	C:\Program Files\Microsoft\jdk-11.0.18.10-hotspot\bin\verify.dll
0x00007ffb15350000 - 0x00007ffb15534000 	C:\Windows\SYSTEM32\DBGHELP.DLL
0x00007ffb14be0000 - 0x00007ffb14c0c000 	C:\Windows\SYSTEM32\dbgcore.DLL
0x00007ffb21b80000 - 0x00007ffb21c02000 	C:\Windows\System32\bcryptPrimitives.dll
0x00007ffb168f0000 - 0x00007ffb16918000 	C:\Program Files\Microsoft\jdk-11.0.18.10-hotspot\bin\java.dll
0x00007ffb168e0000 - 0x00007ffb168ea000 	C:\Program Files\Microsoft\jdk-11.0.18.10-hotspot\bin\jimage.dll
0x00007ffb168c0000 - 0x00007ffb168d8000 	C:\Program Files\Microsoft\jdk-11.0.18.10-hotspot\bin\zip.dll
0x00007ffb227c0000 - 0x00007ffb22f04000 	C:\Windows\System32\SHELL32.dll
0x00007ffb1f690000 - 0x00007ffb1fe24000 	C:\Windows\SYSTEM32\windows.storage.dll
0x00007ffb21f30000 - 0x00007ffb22284000 	C:\Windows\System32\combase.dll
0x00007ffb20ff0000 - 0x00007ffb21020000 	C:\Windows\SYSTEM32\Wldp.dll
0x00007ffb23a20000 - 0x00007ffb23acd000 	C:\Windows\System32\SHCORE.dll
0x00007ffb22f10000 - 0x00007ffb22f65000 	C:\Windows\System32\shlwapi.dll
0x00007ffb214d0000 - 0x00007ffb214ef000 	C:\Windows\SYSTEM32\profapi.dll
0x00007ffb168a0000 - 0x00007ffb168b9000 	C:\Program Files\Microsoft\jdk-11.0.18.10-hotspot\bin\net.dll
0x00007ffb187c0000 - 0x00007ffb188ca000 	C:\Windows\SYSTEM32\WINHTTP.dll
0x00007ffb20d50000 - 0x00007ffb20dba000 	C:\Windows\system32\mswsock.dll
0x00007ffb16880000 - 0x00007ffb16893000 	C:\Program Files\Microsoft\jdk-11.0.18.10-hotspot\bin\nio.dll
0x00007ffb16570000 - 0x00007ffb16597000 	C:\Users\binda\.gradle\native\e1d6ef7f7dcc3fd88c89a11ec53ec762bb8ba0a96d01ffa2cd45eb1d1d8dd5c5\windows-amd64\native-platform.dll
0x00007fface420000 - 0x00007fface564000 	C:\Users\binda\.gradle\native\0d407fdbe67a94daf76414ababcb853783967236a71b16ec16e742cd7a986fd3\windows-amd64\native-platform-file-events.dll
0x00007ffb16530000 - 0x00007ffb16539000 	C:\Program Files\Microsoft\jdk-11.0.18.10-hotspot\bin\management.dll
0x00007ffb16320000 - 0x00007ffb1632b000 	C:\Program Files\Microsoft\jdk-11.0.18.10-hotspot\bin\management_ext.dll
0x00007ffb20f50000 - 0x00007ffb20f68000 	C:\Windows\SYSTEM32\CRYPTSP.dll
0x00007ffb20660000 - 0x00007ffb20694000 	C:\Windows\system32\rsaenh.dll
0x00007ffb21c10000 - 0x00007ffb21c37000 	C:\Windows\System32\bcrypt.dll
0x00007ffb21450000 - 0x00007ffb2147e000 	C:\Windows\SYSTEM32\USERENV.dll
0x00007ffb20f40000 - 0x00007ffb20f4c000 	C:\Windows\SYSTEM32\CRYPTBASE.dll
0x00007ffb209f0000 - 0x00007ffb20a2b000 	C:\Windows\SYSTEM32\IPHLPAPI.DLL
0x00007ffb237e0000 - 0x00007ffb237e8000 	C:\Windows\System32\NSI.dll
0x00007ffb1b5c0000 - 0x00007ffb1b5d7000 	C:\Windows\SYSTEM32\dhcpcsvc6.DLL
0x00007ffb1b8d0000 - 0x00007ffb1b8ed000 	C:\Windows\SYSTEM32\dhcpcsvc.DLL
0x00007ffb20a40000 - 0x00007ffb20b0a000 	C:\Windows\SYSTEM32\DNSAPI.dll

dbghelp: loaded successfully - version: 4.0.5 - missing functions: none
symbol engine: initialized successfully - sym options: 0x614 - pdb path: .;C:\Program Files\Microsoft\jdk-11.0.18.10-hotspot\bin;C:\Windows\SYSTEM32;C:\Windows\WinSxS\amd64_microsoft.windows.common-controls_6595b64144ccf1df_6.0.19041.1110_none_60b5254171f9507e;C:\Program Files\Microsoft\jdk-11.0.18.10-hotspot\bin\server;C:\Users\binda\.gradle\native\e1d6ef7f7dcc3fd88c89a11ec53ec762bb8ba0a96d01ffa2cd45eb1d1d8dd5c5\windows-amd64;C:\Users\binda\.gradle\native\0d407fdbe67a94daf76414ababcb853783967236a71b16ec16e742cd7a986fd3\windows-amd64

VM Arguments:
jvm_args: -XX:MaxMetaspaceSize=512m --add-opens=java.base/java.util=ALL-UNNAMED --add-opens=java.base/java.lang=ALL-UNNAMED --add-opens=java.base/java.lang.invoke=ALL-UNNAMED --add-opens=java.base/java.util=ALL-UNNAMED --add-opens=java.prefs/java.util.prefs=ALL-UNNAMED --add-opens=java.prefs/java.util.prefs=ALL-UNNAMED --add-opens=java.base/java.nio.charset=ALL-UNNAMED --add-opens=java.base/java.net=ALL-UNNAMED --add-opens=java.base/java.util.concurrent.atomic=ALL-UNNAMED -Xmx2048m -Dfile.encoding=windows-1252 -Duser.country=IN -Duser.language=en -Duser.variant 
java_command: org.gradle.launcher.daemon.bootstrap.GradleDaemon 7.5.1
java_class_path (initial): C:\Users\binda\.gradle\wrapper\dists\gradle-7.5.1-all\1ehga6e77gqps5uk2kc5kf1vc\gradle-7.5.1\lib\gradle-launcher-7.5.1.jar
Launcher Type: SUN_STANDARD

[Global flags]
     intx CICompilerCount                          = 3                                         {product} {ergonomic}
   size_t CompressedClassSpaceSize                 = 528482304                                 {product} {ergonomic}
     uint ConcGCThreads                            = 1                                         {product} {ergonomic}
     uint G1ConcRefinementThreads                  = 4                                         {product} {ergonomic}
   size_t G1HeapRegionSize                         = 1048576                                   {product} {ergonomic}
    uintx GCDrainStackTargetSize                   = 64                                        {product} {ergonomic}
   size_t InitialHeapSize                          = 65011712                                  {product} {ergonomic}
   size_t MarkStackSize                            = 4194304                                   {product} {ergonomic}
   size_t MaxHeapSize                              = 2147483648                                {product} {command line}
   size_t MaxMetaspaceSize                         = 536870912                                 {product} {command line}
   size_t MaxNewSize                               = 1287651328                                {product} {ergonomic}
   size_t MinHeapDeltaBytes                        = 1048576                                   {product} {ergonomic}
    uintx NonNMethodCodeHeapSize                   = 5830732                                {pd product} {ergonomic}
    uintx NonProfiledCodeHeapSize                  = 122913754                              {pd product} {ergonomic}
    uintx ProfiledCodeHeapSize                     = 122913754                              {pd product} {ergonomic}
    uintx ReservedCodeCacheSize                    = 251658240                              {pd product} {ergonomic}
     bool SegmentedCodeCache                       = true                                      {product} {ergonomic}
     bool UseCompressedClassPointers               = true                                 {lp64_product} {ergonomic}
     bool UseCompressedOops                        = true                                 {lp64_product} {ergonomic}
     bool UseG1GC                                  = true                                      {product} {ergonomic}
     bool UseLargePagesIndividualAllocation        = false                                  {pd product} {ergonomic}

Logging:
Log output configuration:
 #0: stdout all=warning uptime,level,tags
 #1: stderr all=off uptime,level,tags

Environment Variables:
JAVA_HOME=C:\Program Files\Java\jdk-11.0.18.10-hotspot
PATH=C:\Python311\Scripts\;C:\Python311\;C:\Windows\system32;C:\Windows;C:\Windows\System32\Wbem;C:\Windows\System32\WindowsPowerShell\v1.0\;C:\Windows\System32\OpenSSH\;D:\xampp\php;C:\ProgramData\ComposerSetup\bin;C:\Program Files\Git\cmd;C:\Program Files\Java\jdk-18.0.1.1\bin;D:\xampp\xampp\php;C:\ProgramData\chocolatey\bin;C:\Program Files\Java\jdk-18.0.1.1\bin;C:\Program Files\nodejs\;C:\Program Files\Java\jdk-11.0.18.10-hotspot\bin;C:\Users\binda\AppData\Local\Microsoft\WindowsApps;C:\Users\binda\AppData\Local\Programs\Microsoft VS Code\bin;C:\Users\binda\AppData\Roaming\Composer\vendor\bin;C:\Users\binda\AppData\Local\Android\Sdk\platform-tools;C:\Users\binda\AppData\Roaming\npm
USERNAME=LevonoL430
OS=Windows_NT
PROCESSOR_IDENTIFIER=Intel64 Family 6 Model 42 Stepping 7, GenuineIntel
TMP=C:\Users\binda\AppData\Local\Temp
TEMP=C:\Users\binda\AppData\Local\Temp



---------------  S Y S T E M  ---------------

OS: Windows 10 , 64 bit Build 19041 (10.0.19041.1889)
OS uptime: 0 days 16:39 hours

CPU:total 4 (initial active 4) (2 cores per cpu, 2 threads per core) family 6 model 42 stepping 7 microcode 0x2f, cmov, cx8, fxsr, mmx, sse, sse2, sse3, ssse3, sse4.1, sse4.2, popcnt, avx, aes, clmul, ht, tsc, tscinvbit

Memory: 4k page, system-wide physical 3921M (433M free)
TotalPageFile size 9101M (AvailPageFile size 2M)
current process WorkingSet (physical memory assigned to process): 535M, peak: 545M
current process commit charge ("private bytes"): 595M, peak: 603M

vm_info: OpenJDK 64-Bit Server VM (11.0.18+10-LTS) for windows-amd64 JRE (11.0.18+10-LTS), built on Jan 18 2023 15:56:47 by "MicrosoftCorporation" with MS VC++ 15.9 (VS2017)

END.
